Using pre-set license
Built from '2022.3/staging' branch; Version is '2022.3.28f1 (6bae5ce6b222) revision 7056988'; Using compiler version '192829333'; Build Type 'Release'
OS: 'Windows 11  (10.0.26100) 64bit CoreSingleLanguage' Language: 'ru' Physical Memory: 15774 MB
BatchMode: 1, IsHumanControllingUs: 0, StartBugReporterOnCrash: 0, Is64bit: 1, IsPro: 1

COMMAND LINE ARGUMENTS:
C:\Program Files\Unity\Hub\Editor\2022.3.28f1\Editor\Unity.exe
-adb2
-batchMode
-noUpm
-name
AssetImportWorker1
-projectPath
E:/[Workspace]/Unity/TowerDefense
-logFile
Logs/AssetImportWorker1.log
-srvPort
56890
Successfully changed project path to: E:/[Workspace]/Unity/TowerDefense
E:/[Workspace]/Unity/TowerDefense
[UnityMemory] Configuration Parameters - Can be set up in boot.config
    "memorysetup-bucket-allocator-granularity=16"
    "memorysetup-bucket-allocator-bucket-count=8"
    "memorysetup-bucket-allocator-block-size=33554432"
    "memorysetup-bucket-allocator-block-count=8"
    "memorysetup-main-allocator-block-size=16777216"
    "memorysetup-thread-allocator-block-size=16777216"
    "memorysetup-gfx-main-allocator-block-size=16777216"
    "memorysetup-gfx-thread-allocator-block-size=16777216"
    "memorysetup-cache-allocator-block-size=4194304"
    "memorysetup-typetree-allocator-block-size=2097152"
    "memorysetup-profiler-bucket-allocator-granularity=16"
    "memorysetup-profiler-bucket-allocator-bucket-count=8"
    "memorysetup-profiler-bucket-allocator-block-size=33554432"
    "memorysetup-profiler-bucket-allocator-block-count=8"
    "memorysetup-profiler-allocator-block-size=16777216"
    "memorysetup-profiler-editor-allocator-block-size=1048576"
    "memorysetup-temp-allocator-size-main=16777216"
    "memorysetup-job-temp-allocator-block-size=2097152"
    "memorysetup-job-temp-allocator-block-size-background=1048576"
    "memorysetup-job-temp-allocator-reduction-small-platforms=262144"
    "memorysetup-allocator-temp-initial-block-size-main=262144"
    "memorysetup-allocator-temp-initial-block-size-worker=262144"
    "memorysetup-temp-allocator-size-background-worker=32768"
    "memorysetup-temp-allocator-size-job-worker=262144"
    "memorysetup-temp-allocator-size-preload-manager=33554432"
    "memorysetup-temp-allocator-size-nav-mesh-worker=65536"
    "memorysetup-temp-allocator-size-audio-worker=65536"
    "memorysetup-temp-allocator-size-cloud-worker=32768"
    "memorysetup-temp-allocator-size-gi-baking-worker=262144"
    "memorysetup-temp-allocator-size-gfx=262144"
Player connection [16060] Host "[IP] 10.170.0.5 [Port] 0 [Flags] 2 [Guid] 2515207492 [EditorId] 2515207492 [Version] 1048832 [Id] WindowsEditor(7,aivictory) [Debug] 1 [PackageName] WindowsEditor [ProjectName] Editor" joined multi-casting on [225.0.0.222:54997]...

Player connection [16060] Host "[IP] 10.170.0.5 [Port] 0 [Flags] 2 [Guid] 2515207492 [EditorId] 2515207492 [Version] 1048832 [Id] WindowsEditor(7,aivictory) [Debug] 1 [PackageName] WindowsEditor [ProjectName] Editor" joined alternative multi-casting on [225.0.0.222:34997]...

[Physics::Module] Initialized MultithreadedJobDispatcher with 15 workers.
Refreshing native plugins compatible for Editor in 30.11 ms, found 4 plugins.
Preloading 0 native plugins for Editor in 0.00 ms.
Initialize engine version: 2022.3.28f1 (6bae5ce6b222)
[Subsystems] Discovering subsystems at path C:/Program Files/Unity/Hub/Editor/2022.3.28f1/Editor/Data/Resources/UnitySubsystems
[Subsystems] Discovering subsystems at path E:/[Workspace]/Unity/TowerDefense/Assets
GfxDevice: creating device client; threaded=0; jobified=0
Direct3D:
    Version:  Direct3D 11.0 [level 11.1]
    Renderer: AMD Radeon RX 6800M (ID=0x73df)
    Vendor:   ATI
    VRAM:     12234 MB
    Driver:   32.0.12033.1030
Initialize mono
Mono path[0] = 'C:/Program Files/Unity/Hub/Editor/2022.3.28f1/Editor/Data/Managed'
Mono path[1] = 'C:/Program Files/Unity/Hub/Editor/2022.3.28f1/Editor/Data/MonoBleedingEdge/lib/mono/unityjit-win32'
Mono config path = 'C:/Program Files/Unity/Hub/Editor/2022.3.28f1/Editor/Data/MonoBleedingEdge/etc'
Using monoOptions --debugger-agent=transport=dt_socket,embedding=1,server=y,suspend=n,address=127.0.0.1:56192
Begin MonoManager ReloadAssembly
Registering precompiled unity dll's ...
Register platform support module: C:/Program Files/Unity/Hub/Editor/2022.3.28f1/Editor/Data/PlaybackEngines/WindowsStandaloneSupport/UnityEditor.WindowsStandalone.Extensions.dll
Registered in 0.054762 seconds.
- Loaded All Assemblies, in  0.718 seconds
Native extension for WindowsStandalone target not found
Mono: successfully reloaded assembly
- Finished resetting the current domain, in  0.304 seconds
Domain Reload Profiling: 1006ms
	BeginReloadAssembly (326ms)
		ExecutionOrderSort (0ms)
		DisableScriptedObjects (0ms)
		BackupInstance (0ms)
		ReleaseScriptingObjects (0ms)
		CreateAndSetChildDomain (1ms)
	RebuildCommonClasses (44ms)
	RebuildNativeTypeToScriptingClass (9ms)
	initialDomainReloadingComplete (163ms)
	LoadAllAssembliesAndSetupDomain (159ms)
		LoadAssemblies (307ms)
		RebuildTransferFunctionScriptingTraits (0ms)
		AnalyzeDomain (154ms)
			TypeCache.Refresh (152ms)
				TypeCache.ScanAssembly (135ms)
			ScanForSourceGeneratedMonoScriptInfo (0ms)
			ResolveRequiredComponents (1ms)
	FinalizeReload (305ms)
		ReleaseScriptCaches (0ms)
		RebuildScriptCaches (0ms)
		SetupLoadedEditorAssemblies (241ms)
			LogAssemblyErrors (0ms)
			InitializePlatformSupportModulesInManaged (26ms)
			SetLoadedEditorAssemblies (8ms)
			RefreshPlugins (0ms)
			BeforeProcessingInitializeOnLoad (2ms)
			ProcessInitializeOnLoadAttributes (152ms)
			ProcessInitializeOnLoadMethodAttributes (53ms)
			AfterProcessingInitializeOnLoad (0ms)
			EditorAssembliesLoaded (0ms)
		ExecutionOrderSort2 (0ms)
		AwakeInstancesAfterBackupRestoration (0ms)
========================================================================
Worker process is ready to serve import requests
Begin MonoManager ReloadAssembly
- Loaded All Assemblies, in  1.171 seconds
Refreshing native plugins compatible for Editor in 7.12 ms, found 4 plugins.
Native extension for WindowsStandalone target not found
Mono: successfully reloaded assembly
- Finished resetting the current domain, in  0.836 seconds
Domain Reload Profiling: 1991ms
	BeginReloadAssembly (305ms)
		ExecutionOrderSort (0ms)
		DisableScriptedObjects (5ms)
		BackupInstance (0ms)
		ReleaseScriptingObjects (0ms)
		CreateAndSetChildDomain (32ms)
	RebuildCommonClasses (42ms)
	RebuildNativeTypeToScriptingClass (8ms)
	initialDomainReloadingComplete (89ms)
	LoadAllAssembliesAndSetupDomain (710ms)
		LoadAssemblies (717ms)
		RebuildTransferFunctionScriptingTraits (0ms)
		AnalyzeDomain (207ms)
			TypeCache.Refresh (180ms)
				TypeCache.ScanAssembly (150ms)
			ScanForSourceGeneratedMonoScriptInfo (21ms)
			ResolveRequiredComponents (5ms)
	FinalizeReload (837ms)
		ReleaseScriptCaches (0ms)
		RebuildScriptCaches (0ms)
		SetupLoadedEditorAssemblies (648ms)
			LogAssemblyErrors (0ms)
			InitializePlatformSupportModulesInManaged (23ms)
			SetLoadedEditorAssemblies (6ms)
			RefreshPlugins (0ms)
			BeforeProcessingInitializeOnLoad (124ms)
			ProcessInitializeOnLoadAttributes (366ms)
			ProcessInitializeOnLoadMethodAttributes (58ms)
			AfterProcessingInitializeOnLoad (70ms)
			EditorAssembliesLoaded (0ms)
		ExecutionOrderSort2 (0ms)
		AwakeInstancesAfterBackupRestoration (14ms)
Launched and connected shader compiler UnityShaderCompiler.exe after 0.12 seconds
Refreshing native plugins compatible for Editor in 8.71 ms, found 4 plugins.
Preloading 0 native plugins for Editor in 0.00 ms.
Unloading 4045 Unused Serialized files (Serialized files now loaded: 0)
Unloading 66 unused Assets / (61.7 KB). Loaded Objects now: 4505.
Memory consumption went from 144.1 MB to 144.0 MB.
Total: 4.015500 ms (FindLiveObjects: 0.417600 ms CreateObjectMapping: 0.137300 ms MarkObjects: 3.305900 ms  DeleteObjects: 0.153600 ms)

AssetImportParameters requested are different than current active one (requested -> active):
  custom:container-demuxer-ogg: 62fdf1f143b41e24485cea50d1cbac27 -> 
  custom:video-codec-MediaFoundation-h265: 746d11721c4dcdbdad8f713fa42b33f4 -> 
  custom:video-decoder-ogg-theora: a1e56fd34408186e4bbccfd4996cb3dc -> 
  custom:framework-win-MediaFoundation: 216162199b28c13a410421893ffa2e32 -> 
  custom:CustomObjectIndexerAttribute: 9a22284fe3817be447336de3de66b15e -> 
  custom:container-demuxer-webm: 4f35f7cbe854078d1ac9338744f61a02 -> 
  custom:container-muxer-webm: aa71ff27fc2769a1b78a27578f13a17b -> 
  custom:video-decoder-webm-vp8: 9c59270c3fd7afecdb556c50c9e8de78 -> 
  custom:SearchIndexIgnoredProperties: e643bd26f0fe6173181afceb89e7c659 -> 
  custom:AudioImporter_EditorPlatform: d09bf68614088b80899f8185d706f6e7 -> 
  custom:video-encoder-webm-vp8: eb34c28f22e8b96e1ab97ce403110664 -> 
  custom:audio-decoder-ogg-vorbis: bf7c407c2cedff20999df2af8eb42d56 -> 
  custom:audio-encoder-webm-vorbis: bf7c407c2cedff20999df2af8eb42d56 -> 
========================================================================
Received Import Request.
  Time since last request: 180176.505908 seconds.
  path: Assets/Scenes
  artifactKey: Guid(fe7d47958e724c142b3450dfd337546f) Importer(815301076,1909f56bfc062723c751e8b465ee728b)
Start importing Assets/Scenes using Guid(fe7d47958e724c142b3450dfd337546f) Importer(815301076,1909f56bfc062723c751e8b465ee728b)  -> (artifact id: '10eb318f5f93b973cf4896b553d0fe9a') in 0.004771 seconds
Number of updated asset objects reloaded before import = 0
Number of asset objects unloaded after import = 0
========================================================================
Received Prepare
Begin MonoManager ReloadAssembly
- Loaded All Assemblies, in  0.900 seconds
Refreshing native plugins compatible for Editor in 7.63 ms, found 4 plugins.
Native extension for WindowsStandalone target not found
Mono: successfully reloaded assembly
- Finished resetting the current domain, in  1.532 seconds
Domain Reload Profiling: 2414ms
	BeginReloadAssembly (273ms)
		ExecutionOrderSort (0ms)
		DisableScriptedObjects (10ms)
		BackupInstance (0ms)
		ReleaseScriptingObjects (0ms)
		CreateAndSetChildDomain (34ms)
	RebuildCommonClasses (42ms)
	RebuildNativeTypeToScriptingClass (14ms)
	initialDomainReloadingComplete (81ms)
	LoadAllAssembliesAndSetupDomain (471ms)
		LoadAssemblies (629ms)
		RebuildTransferFunctionScriptingTraits (0ms)
		AnalyzeDomain (31ms)
			TypeCache.Refresh (13ms)
				TypeCache.ScanAssembly (1ms)
			ScanForSourceGeneratedMonoScriptInfo (10ms)
			ResolveRequiredComponents (6ms)
	FinalizeReload (1533ms)
		ReleaseScriptCaches (0ms)
		RebuildScriptCaches (0ms)
		SetupLoadedEditorAssemblies (597ms)
			LogAssemblyErrors (0ms)
			InitializePlatformSupportModulesInManaged (24ms)
			SetLoadedEditorAssemblies (6ms)
			RefreshPlugins (0ms)
			BeforeProcessingInitializeOnLoad (124ms)
			ProcessInitializeOnLoadAttributes (358ms)
			ProcessInitializeOnLoadMethodAttributes (33ms)
			AfterProcessingInitializeOnLoad (53ms)
			EditorAssembliesLoaded (0ms)
		ExecutionOrderSort2 (0ms)
		AwakeInstancesAfterBackupRestoration (17ms)
Refreshing native plugins compatible for Editor in 6.22 ms, found 4 plugins.
Preloading 0 native plugins for Editor in 0.00 ms.
Unloading 4085 Unused Serialized files (Serialized files now loaded: 0)
Unloading 38 unused Assets / (35.8 KB). Loaded Objects now: 4562.
Memory consumption went from 142.1 MB to 142.0 MB.
Total: 3.249300 ms (FindLiveObjects: 0.271600 ms CreateObjectMapping: 0.213200 ms MarkObjects: 2.696200 ms  DeleteObjects: 0.067500 ms)

Prepare: number of updated asset objects reloaded= 0
AssetImportParameters requested are different than current active one (requested -> active):
  custom:container-demuxer-ogg: 62fdf1f143b41e24485cea50d1cbac27 -> 
  custom:video-codec-MediaFoundation-h265: 746d11721c4dcdbdad8f713fa42b33f4 -> 
  custom:video-decoder-ogg-theora: a1e56fd34408186e4bbccfd4996cb3dc -> 
  custom:framework-win-MediaFoundation: 216162199b28c13a410421893ffa2e32 -> 
  custom:CustomObjectIndexerAttribute: 9a22284fe3817be447336de3de66b15e -> 
  custom:container-demuxer-webm: 4f35f7cbe854078d1ac9338744f61a02 -> 
  custom:container-muxer-webm: aa71ff27fc2769a1b78a27578f13a17b -> 
  custom:video-decoder-webm-vp8: 9c59270c3fd7afecdb556c50c9e8de78 -> 
  custom:SearchIndexIgnoredProperties: e643bd26f0fe6173181afceb89e7c659 -> 
  custom:AudioImporter_EditorPlatform: d09bf68614088b80899f8185d706f6e7 -> 
  custom:video-encoder-webm-vp8: eb34c28f22e8b96e1ab97ce403110664 -> 
  custom:audio-decoder-ogg-vorbis: bf7c407c2cedff20999df2af8eb42d56 -> 
  custom:audio-encoder-webm-vorbis: bf7c407c2cedff20999df2af8eb42d56 -> 
========================================================================
Received Prepare
Begin MonoManager ReloadAssembly
- Loaded All Assemblies, in  0.961 seconds
Refreshing native plugins compatible for Editor in 8.53 ms, found 4 plugins.
Native extension for WindowsStandalone target not found
Mono: successfully reloaded assembly
- Finished resetting the current domain, in  1.506 seconds
Domain Reload Profiling: 2448ms
	BeginReloadAssembly (321ms)
		ExecutionOrderSort (0ms)
		DisableScriptedObjects (10ms)
		BackupInstance (0ms)
		ReleaseScriptingObjects (0ms)
		CreateAndSetChildDomain (35ms)
	RebuildCommonClasses (55ms)
	RebuildNativeTypeToScriptingClass (10ms)
	initialDomainReloadingComplete (94ms)
	LoadAllAssembliesAndSetupDomain (462ms)
		LoadAssemblies (669ms)
		RebuildTransferFunctionScriptingTraits (0ms)
		AnalyzeDomain (29ms)
			TypeCache.Refresh (12ms)
				TypeCache.ScanAssembly (0ms)
			ScanForSourceGeneratedMonoScriptInfo (10ms)
			ResolveRequiredComponents (6ms)
	FinalizeReload (1507ms)
		ReleaseScriptCaches (0ms)
		RebuildScriptCaches (0ms)
		SetupLoadedEditorAssemblies (597ms)
			LogAssemblyErrors (0ms)
			InitializePlatformSupportModulesInManaged (23ms)
			SetLoadedEditorAssemblies (5ms)
			RefreshPlugins (0ms)
			BeforeProcessingInitializeOnLoad (124ms)
			ProcessInitializeOnLoadAttributes (357ms)
			ProcessInitializeOnLoadMethodAttributes (32ms)
			AfterProcessingInitializeOnLoad (55ms)
			EditorAssembliesLoaded (0ms)
		ExecutionOrderSort2 (0ms)
		AwakeInstancesAfterBackupRestoration (19ms)
Refreshing native plugins compatible for Editor in 6.84 ms, found 4 plugins.
Preloading 0 native plugins for Editor in 0.00 ms.
Unloading 4084 Unused Serialized files (Serialized files now loaded: 0)
Unloading 40 unused Assets / (36.8 KB). Loaded Objects now: 4564.
Memory consumption went from 142.3 MB to 142.3 MB.
Total: 5.384000 ms (FindLiveObjects: 0.315700 ms CreateObjectMapping: 0.334300 ms MarkObjects: 4.633500 ms  DeleteObjects: 0.099000 ms)

Prepare: number of updated asset objects reloaded= 0
AssetImportParameters requested are different than current active one (requested -> active):
  custom:container-demuxer-ogg: 62fdf1f143b41e24485cea50d1cbac27 -> 
  custom:video-codec-MediaFoundation-h265: 746d11721c4dcdbdad8f713fa42b33f4 -> 
  custom:video-decoder-ogg-theora: a1e56fd34408186e4bbccfd4996cb3dc -> 
  custom:framework-win-MediaFoundation: 216162199b28c13a410421893ffa2e32 -> 
  custom:CustomObjectIndexerAttribute: 9a22284fe3817be447336de3de66b15e -> 
  custom:container-demuxer-webm: 4f35f7cbe854078d1ac9338744f61a02 -> 
  custom:container-muxer-webm: aa71ff27fc2769a1b78a27578f13a17b -> 
  custom:video-decoder-webm-vp8: 9c59270c3fd7afecdb556c50c9e8de78 -> 
  custom:SearchIndexIgnoredProperties: e643bd26f0fe6173181afceb89e7c659 -> 
  custom:AudioImporter_EditorPlatform: d09bf68614088b80899f8185d706f6e7 -> 
  custom:video-encoder-webm-vp8: eb34c28f22e8b96e1ab97ce403110664 -> 
  custom:audio-decoder-ogg-vorbis: bf7c407c2cedff20999df2af8eb42d56 -> 
  custom:audio-encoder-webm-vorbis: bf7c407c2cedff20999df2af8eb42d56 -> 
========================================================================
Received Import Request.
  Time since last request: 81.513359 seconds.
  path: Assets/CodeBase/GamePlay/LevelLogic
  artifactKey: Guid(588e5ef2770e1be4b9f523ba139edf44) Importer(815301076,1909f56bfc062723c751e8b465ee728b)
Start importing Assets/CodeBase/GamePlay/LevelLogic using Guid(588e5ef2770e1be4b9f523ba139edf44) Importer(815301076,1909f56bfc062723c751e8b465ee728b)  -> (artifact id: 'bbcb7e330a8cf6dfd3e3ef86b957c273') in 0.001976 seconds
Number of updated asset objects reloaded before import = 0
Number of asset objects unloaded after import = 0
========================================================================
Received Prepare
Begin MonoManager ReloadAssembly
- Loaded All Assemblies, in  0.955 seconds
Refreshing native plugins compatible for Editor in 8.83 ms, found 4 plugins.
Native extension for WindowsStandalone target not found
Mono: successfully reloaded assembly
- Finished resetting the current domain, in  1.501 seconds
Domain Reload Profiling: 2436ms
	BeginReloadAssembly (346ms)
		ExecutionOrderSort (0ms)
		DisableScriptedObjects (12ms)
		BackupInstance (0ms)
		ReleaseScriptingObjects (0ms)
		CreateAndSetChildDomain (48ms)
	RebuildCommonClasses (48ms)
	RebuildNativeTypeToScriptingClass (9ms)
	initialDomainReloadingComplete (80ms)
	LoadAllAssembliesAndSetupDomain (452ms)
		LoadAssemblies (663ms)
		RebuildTransferFunctionScriptingTraits (0ms)
		AnalyzeDomain (25ms)
			TypeCache.Refresh (10ms)
				TypeCache.ScanAssembly (0ms)
			ScanForSourceGeneratedMonoScriptInfo (9ms)
			ResolveRequiredComponents (5ms)
	FinalizeReload (1502ms)
		ReleaseScriptCaches (0ms)
		RebuildScriptCaches (0ms)
		SetupLoadedEditorAssemblies (518ms)
			LogAssemblyErrors (0ms)
			InitializePlatformSupportModulesInManaged (25ms)
			SetLoadedEditorAssemblies (4ms)
			RefreshPlugins (0ms)
			BeforeProcessingInitializeOnLoad (119ms)
			ProcessInitializeOnLoadAttributes (297ms)
			ProcessInitializeOnLoadMethodAttributes (27ms)
			AfterProcessingInitializeOnLoad (47ms)
			EditorAssembliesLoaded (0ms)
		ExecutionOrderSort2 (0ms)
		AwakeInstancesAfterBackupRestoration (14ms)
Refreshing native plugins compatible for Editor in 6.68 ms, found 4 plugins.
Preloading 0 native plugins for Editor in 0.00 ms.
Unloading 4081 Unused Serialized files (Serialized files now loaded: 0)
Unloading 41 unused Assets / (37.4 KB). Loaded Objects now: 4566.
Memory consumption went from 142.0 MB to 142.0 MB.
Total: 4.621700 ms (FindLiveObjects: 0.462100 ms CreateObjectMapping: 0.308600 ms MarkObjects: 3.759400 ms  DeleteObjects: 0.090500 ms)

Prepare: number of updated asset objects reloaded= 0
AssetImportParameters requested are different than current active one (requested -> active):
  custom:container-demuxer-ogg: 62fdf1f143b41e24485cea50d1cbac27 -> 
  custom:video-codec-MediaFoundation-h265: 746d11721c4dcdbdad8f713fa42b33f4 -> 
  custom:video-decoder-ogg-theora: a1e56fd34408186e4bbccfd4996cb3dc -> 
  custom:framework-win-MediaFoundation: 216162199b28c13a410421893ffa2e32 -> 
  custom:CustomObjectIndexerAttribute: 9a22284fe3817be447336de3de66b15e -> 
  custom:container-demuxer-webm: 4f35f7cbe854078d1ac9338744f61a02 -> 
  custom:container-muxer-webm: aa71ff27fc2769a1b78a27578f13a17b -> 
  custom:video-decoder-webm-vp8: 9c59270c3fd7afecdb556c50c9e8de78 -> 
  custom:SearchIndexIgnoredProperties: e643bd26f0fe6173181afceb89e7c659 -> 
  custom:AudioImporter_EditorPlatform: d09bf68614088b80899f8185d706f6e7 -> 
  custom:video-encoder-webm-vp8: eb34c28f22e8b96e1ab97ce403110664 -> 
  custom:audio-decoder-ogg-vorbis: bf7c407c2cedff20999df2af8eb42d56 -> 
  custom:audio-encoder-webm-vorbis: bf7c407c2cedff20999df2af8eb42d56 -> 
========================================================================
Received Import Request.
  Time since last request: 31.551187 seconds.
  path: Assets/CodeBase/GamePlay/Powerup
  artifactKey: Guid(54f290feb82c45a4fbfdc94e12ff98bc) Importer(815301076,1909f56bfc062723c751e8b465ee728b)
Start importing Assets/CodeBase/GamePlay/Powerup using Guid(54f290feb82c45a4fbfdc94e12ff98bc) Importer(815301076,1909f56bfc062723c751e8b465ee728b)  -> (artifact id: '862f0331fd13aa8ad91807c726829900') in 0.001869 seconds
Number of updated asset objects reloaded before import = 0
Number of asset objects unloaded after import = 0
========================================================================
Received Prepare
Begin MonoManager ReloadAssembly
- Loaded All Assemblies, in  0.929 seconds
Refreshing native plugins compatible for Editor in 7.56 ms, found 4 plugins.
Native extension for WindowsStandalone target not found
Mono: successfully reloaded assembly
- Finished resetting the current domain, in  1.478 seconds
Domain Reload Profiling: 2391ms
	BeginReloadAssembly (321ms)
		ExecutionOrderSort (0ms)
		DisableScriptedObjects (10ms)
		BackupInstance (0ms)
		ReleaseScriptingObjects (0ms)
		CreateAndSetChildDomain (36ms)
	RebuildCommonClasses (45ms)
	RebuildNativeTypeToScriptingClass (10ms)
	initialDomainReloadingComplete (92ms)
	LoadAllAssembliesAndSetupDomain (444ms)
		LoadAssemblies (647ms)
		RebuildTransferFunctionScriptingTraits (0ms)
		AnalyzeDomain (32ms)
			TypeCache.Refresh (13ms)
				TypeCache.ScanAssembly (1ms)
			ScanForSourceGeneratedMonoScriptInfo (11ms)
			ResolveRequiredComponents (7ms)
	FinalizeReload (1479ms)
		ReleaseScriptCaches (0ms)
		RebuildScriptCaches (0ms)
		SetupLoadedEditorAssemblies (555ms)
			LogAssemblyErrors (0ms)
			InitializePlatformSupportModulesInManaged (22ms)
			SetLoadedEditorAssemblies (5ms)
			RefreshPlugins (0ms)
			BeforeProcessingInitializeOnLoad (113ms)
			ProcessInitializeOnLoadAttributes (333ms)
			ProcessInitializeOnLoadMethodAttributes (29ms)
			AfterProcessingInitializeOnLoad (53ms)
			EditorAssembliesLoaded (0ms)
		ExecutionOrderSort2 (0ms)
		AwakeInstancesAfterBackupRestoration (15ms)
Refreshing native plugins compatible for Editor in 6.06 ms, found 4 plugins.
Preloading 0 native plugins for Editor in 0.00 ms.
Unloading 4078 Unused Serialized files (Serialized files now loaded: 0)
Unloading 41 unused Assets / (37.2 KB). Loaded Objects now: 4567.
Memory consumption went from 142.0 MB to 141.9 MB.
Total: 3.905500 ms (FindLiveObjects: 0.297500 ms CreateObjectMapping: 0.255500 ms MarkObjects: 3.246100 ms  DeleteObjects: 0.105000 ms)

Prepare: number of updated asset objects reloaded= 0
AssetImportParameters requested are different than current active one (requested -> active):
  custom:container-demuxer-ogg: 62fdf1f143b41e24485cea50d1cbac27 -> 
  custom:video-codec-MediaFoundation-h265: 746d11721c4dcdbdad8f713fa42b33f4 -> 
  custom:video-decoder-ogg-theora: a1e56fd34408186e4bbccfd4996cb3dc -> 
  custom:framework-win-MediaFoundation: 216162199b28c13a410421893ffa2e32 -> 
  custom:CustomObjectIndexerAttribute: 9a22284fe3817be447336de3de66b15e -> 
  custom:container-demuxer-webm: 4f35f7cbe854078d1ac9338744f61a02 -> 
  custom:container-muxer-webm: aa71ff27fc2769a1b78a27578f13a17b -> 
  custom:video-decoder-webm-vp8: 9c59270c3fd7afecdb556c50c9e8de78 -> 
  custom:SearchIndexIgnoredProperties: e643bd26f0fe6173181afceb89e7c659 -> 
  custom:AudioImporter_EditorPlatform: d09bf68614088b80899f8185d706f6e7 -> 
  custom:video-encoder-webm-vp8: eb34c28f22e8b96e1ab97ce403110664 -> 
  custom:audio-decoder-ogg-vorbis: bf7c407c2cedff20999df2af8eb42d56 -> 
  custom:audio-encoder-webm-vorbis: bf7c407c2cedff20999df2af8eb42d56 -> 
========================================================================
Received Prepare
Begin MonoManager ReloadAssembly
- Loaded All Assemblies, in  0.897 seconds
Refreshing native plugins compatible for Editor in 7.02 ms, found 4 plugins.
Native extension for WindowsStandalone target not found
Mono: successfully reloaded assembly
- Finished resetting the current domain, in  1.282 seconds
Domain Reload Profiling: 2160ms
	BeginReloadAssembly (318ms)
		ExecutionOrderSort (0ms)
		DisableScriptedObjects (9ms)
		BackupInstance (0ms)
		ReleaseScriptingObjects (0ms)
		CreateAndSetChildDomain (37ms)
	RebuildCommonClasses (51ms)
	RebuildNativeTypeToScriptingClass (11ms)
	initialDomainReloadingComplete (91ms)
	LoadAllAssembliesAndSetupDomain (407ms)
		LoadAssemblies (615ms)
		RebuildTransferFunctionScriptingTraits (0ms)
		AnalyzeDomain (25ms)
			TypeCache.Refresh (9ms)
				TypeCache.ScanAssembly (0ms)
			ScanForSourceGeneratedMonoScriptInfo (9ms)
			ResolveRequiredComponents (5ms)
	FinalizeReload (1282ms)
		ReleaseScriptCaches (0ms)
		RebuildScriptCaches (0ms)
		SetupLoadedEditorAssemblies (493ms)
			LogAssemblyErrors (0ms)
			InitializePlatformSupportModulesInManaged (23ms)
			SetLoadedEditorAssemblies (4ms)
			RefreshPlugins (0ms)
			BeforeProcessingInitializeOnLoad (102ms)
			ProcessInitializeOnLoadAttributes (292ms)
			ProcessInitializeOnLoadMethodAttributes (26ms)
			AfterProcessingInitializeOnLoad (47ms)
			EditorAssembliesLoaded (0ms)
		ExecutionOrderSort2 (0ms)
		AwakeInstancesAfterBackupRestoration (14ms)
Refreshing native plugins compatible for Editor in 6.67 ms, found 4 plugins.
Preloading 0 native plugins for Editor in 0.00 ms.
Unloading 4077 Unused Serialized files (Serialized files now loaded: 0)
Unloading 40 unused Assets / (36.8 KB). Loaded Objects now: 4569.
Memory consumption went from 142.2 MB to 142.2 MB.
Total: 4.448100 ms (FindLiveObjects: 0.326300 ms CreateObjectMapping: 0.311800 ms MarkObjects: 3.594000 ms  DeleteObjects: 0.214200 ms)

Prepare: number of updated asset objects reloaded= 0
AssetImportParameters requested are different than current active one (requested -> active):
  custom:container-demuxer-ogg: 62fdf1f143b41e24485cea50d1cbac27 -> 
  custom:video-codec-MediaFoundation-h265: 746d11721c4dcdbdad8f713fa42b33f4 -> 
  custom:video-decoder-ogg-theora: a1e56fd34408186e4bbccfd4996cb3dc -> 
  custom:framework-win-MediaFoundation: 216162199b28c13a410421893ffa2e32 -> 
  custom:CustomObjectIndexerAttribute: 9a22284fe3817be447336de3de66b15e -> 
  custom:container-demuxer-webm: 4f35f7cbe854078d1ac9338744f61a02 -> 
  custom:container-muxer-webm: aa71ff27fc2769a1b78a27578f13a17b -> 
  custom:video-decoder-webm-vp8: 9c59270c3fd7afecdb556c50c9e8de78 -> 
  custom:SearchIndexIgnoredProperties: e643bd26f0fe6173181afceb89e7c659 -> 
  custom:AudioImporter_EditorPlatform: d09bf68614088b80899f8185d706f6e7 -> 
  custom:video-encoder-webm-vp8: eb34c28f22e8b96e1ab97ce403110664 -> 
  custom:audio-decoder-ogg-vorbis: bf7c407c2cedff20999df2af8eb42d56 -> 
  custom:audio-encoder-webm-vorbis: bf7c407c2cedff20999df2af8eb42d56 -> 
========================================================================
Received Prepare
Begin MonoManager ReloadAssembly
- Loaded All Assemblies, in  0.912 seconds
Refreshing native plugins compatible for Editor in 5.99 ms, found 4 plugins.
Native extension for WindowsStandalone target not found
Mono: successfully reloaded assembly
- Finished resetting the current domain, in  2.022 seconds
Domain Reload Profiling: 2888ms
	BeginReloadAssembly (313ms)
		ExecutionOrderSort (0ms)
		DisableScriptedObjects (10ms)
		BackupInstance (0ms)
		ReleaseScriptingObjects (0ms)
		CreateAndSetChildDomain (61ms)
	RebuildCommonClasses (37ms)
	RebuildNativeTypeToScriptingClass (9ms)
	initialDomainReloadingComplete (75ms)
	LoadAllAssembliesAndSetupDomain (432ms)
		LoadAssemblies (604ms)
		RebuildTransferFunctionScriptingTraits (0ms)
		AnalyzeDomain (28ms)
			TypeCache.Refresh (11ms)
				TypeCache.ScanAssembly (0ms)
			ScanForSourceGeneratedMonoScriptInfo (10ms)
			ResolveRequiredComponents (7ms)
	FinalizeReload (2022ms)
		ReleaseScriptCaches (0ms)
		RebuildScriptCaches (0ms)
		SetupLoadedEditorAssemblies (586ms)
			LogAssemblyErrors (0ms)
			InitializePlatformSupportModulesInManaged (22ms)
			SetLoadedEditorAssemblies (3ms)
			RefreshPlugins (0ms)
			BeforeProcessingInitializeOnLoad (130ms)
			ProcessInitializeOnLoadAttributes (354ms)
			ProcessInitializeOnLoadMethodAttributes (27ms)
			AfterProcessingInitializeOnLoad (49ms)
			EditorAssembliesLoaded (0ms)
		ExecutionOrderSort2 (0ms)
		AwakeInstancesAfterBackupRestoration (15ms)
Refreshing native plugins compatible for Editor in 7.08 ms, found 4 plugins.
Preloading 0 native plugins for Editor in 0.00 ms.
Unloading 4075 Unused Serialized files (Serialized files now loaded: 0)
Unloading 40 unused Assets / (36.7 KB). Loaded Objects now: 4571.
Memory consumption went from 142.2 MB to 142.1 MB.
Total: 3.757200 ms (FindLiveObjects: 0.316400 ms CreateObjectMapping: 0.244800 ms MarkObjects: 3.068300 ms  DeleteObjects: 0.126700 ms)

Prepare: number of updated asset objects reloaded= 0
AssetImportParameters requested are different than current active one (requested -> active):
  custom:container-demuxer-ogg: 62fdf1f143b41e24485cea50d1cbac27 -> 
  custom:video-codec-MediaFoundation-h265: 746d11721c4dcdbdad8f713fa42b33f4 -> 
  custom:video-decoder-ogg-theora: a1e56fd34408186e4bbccfd4996cb3dc -> 
  custom:framework-win-MediaFoundation: 216162199b28c13a410421893ffa2e32 -> 
  custom:CustomObjectIndexerAttribute: 9a22284fe3817be447336de3de66b15e -> 
  custom:container-demuxer-webm: 4f35f7cbe854078d1ac9338744f61a02 -> 
  custom:container-muxer-webm: aa71ff27fc2769a1b78a27578f13a17b -> 
  custom:video-decoder-webm-vp8: 9c59270c3fd7afecdb556c50c9e8de78 -> 
  custom:SearchIndexIgnoredProperties: e643bd26f0fe6173181afceb89e7c659 -> 
  custom:AudioImporter_EditorPlatform: d09bf68614088b80899f8185d706f6e7 -> 
  custom:video-encoder-webm-vp8: eb34c28f22e8b96e1ab97ce403110664 -> 
  custom:audio-decoder-ogg-vorbis: bf7c407c2cedff20999df2af8eb42d56 -> 
  custom:audio-encoder-webm-vorbis: bf7c407c2cedff20999df2af8eb42d56 -> 
========================================================================
Received Import Request.
  Time since last request: 756.160487 seconds.
  path: Assets/Sprite/1.png
  artifactKey: Guid(1d65a0d69440b0745be5f896f93496e9) Importer(815301076,1909f56bfc062723c751e8b465ee728b)
Start importing Assets/Sprite/1.png using Guid(1d65a0d69440b0745be5f896f93496e9) Importer(815301076,1909f56bfc062723c751e8b465ee728b)  -> (artifact id: '15a9d9c6077fd2d6c17539d79f5ff7b5') in 0.192196 seconds
Number of updated asset objects reloaded before import = 0
Number of asset objects unloaded after import = 3
========================================================================
Received Import Request.
  Time since last request: 0.000027 seconds.
  path: Assets/Sprite/16.png
  artifactKey: Guid(012c3467b130f4449a189a94dc526a5c) Importer(815301076,1909f56bfc062723c751e8b465ee728b)
Start importing Assets/Sprite/16.png using Guid(012c3467b130f4449a189a94dc526a5c) Importer(815301076,1909f56bfc062723c751e8b465ee728b)  -> (artifact id: 'ee9fec08c88930a79eca2ab01b773c99') in 0.026768 seconds
Number of updated asset objects reloaded before import = 0
Number of asset objects unloaded after import = 3
========================================================================
Received Import Request.
  Time since last request: 0.000030 seconds.
  path: Assets/Sprite/18.png
  artifactKey: Guid(961542bf834d173448be6e9b235a3b66) Importer(815301076,1909f56bfc062723c751e8b465ee728b)
Start importing Assets/Sprite/18.png using Guid(961542bf834d173448be6e9b235a3b66) Importer(815301076,1909f56bfc062723c751e8b465ee728b)  -> (artifact id: '4e2dc402591203f2c929e36076183d6d') in 0.025357 seconds
Number of updated asset objects reloaded before import = 0
Number of asset objects unloaded after import = 3
========================================================================
Received Import Request.
  Time since last request: 0.000029 seconds.
  path: Assets/Sprite/4.png
  artifactKey: Guid(8aaa7a3f52e1a734285180f266188f60) Importer(815301076,1909f56bfc062723c751e8b465ee728b)
Start importing Assets/Sprite/4.png using Guid(8aaa7a3f52e1a734285180f266188f60) Importer(815301076,1909f56bfc062723c751e8b465ee728b)  -> (artifact id: 'c2cf31a358fbcd6435bc79f0893bed1a') in 0.030520 seconds
Number of updated asset objects reloaded before import = 0
Number of asset objects unloaded after import = 3
========================================================================
Received Import Request.
  Time since last request: 0.000030 seconds.
  path: Assets/Sprite/9.png
  artifactKey: Guid(b8d78c34ff669024488999c7c2cde413) Importer(815301076,1909f56bfc062723c751e8b465ee728b)
Start importing Assets/Sprite/9.png using Guid(b8d78c34ff669024488999c7c2cde413) Importer(815301076,1909f56bfc062723c751e8b465ee728b)  -> (artifact id: '9518b5437f3d28bb4f74011e4dc62020') in 0.031407 seconds
Number of updated asset objects reloaded before import = 0
Number of asset objects unloaded after import = 3
========================================================================
Received Import Request.
  Time since last request: 0.000033 seconds.
  path: Assets/Sprite/11.png
  artifactKey: Guid(b4cf7101e1f05a849bc2872a9896802c) Importer(815301076,1909f56bfc062723c751e8b465ee728b)
Start importing Assets/Sprite/11.png using Guid(b4cf7101e1f05a849bc2872a9896802c) Importer(815301076,1909f56bfc062723c751e8b465ee728b)  -> (artifact id: '01cf15283fefb90a3f53f2adf77863e6') in 0.033765 seconds
Number of updated asset objects reloaded before import = 0
Number of asset objects unloaded after import = 3
========================================================================
Received Import Request.
  Time since last request: 0.000045 seconds.
  path: Assets/Sprite/2.png
  artifactKey: Guid(636919696ad08244d9afbc6bbeb7119f) Importer(815301076,1909f56bfc062723c751e8b465ee728b)
Start importing Assets/Sprite/2.png using Guid(636919696ad08244d9afbc6bbeb7119f) Importer(815301076,1909f56bfc062723c751e8b465ee728b)  -> (artifact id: '39c06b716523e3c3a5f945589f443d0f') in 0.025211 seconds
Number of updated asset objects reloaded before import = 0
Number of asset objects unloaded after import = 3
========================================================================
Received Import Request.
  Time since last request: 0.000023 seconds.
  path: Assets/Sprite/5.png
  artifactKey: Guid(7838242f635b71c4d8b09f2d04849dc5) Importer(815301076,1909f56bfc062723c751e8b465ee728b)
Start importing Assets/Sprite/5.png using Guid(7838242f635b71c4d8b09f2d04849dc5) Importer(815301076,1909f56bfc062723c751e8b465ee728b)  -> (artifact id: '3cfccdd21de0cabd996c553faa36e61a') in 0.022278 seconds
Number of updated asset objects reloaded before import = 0
Number of asset objects unloaded after import = 3
========================================================================
Received Import Request.
  Time since last request: 0.000035 seconds.
  path: Assets/Sprite/7.png
  artifactKey: Guid(7d41bff50ab7ae242ba5c155bec2d87d) Importer(815301076,1909f56bfc062723c751e8b465ee728b)
Start importing Assets/Sprite/7.png using Guid(7d41bff50ab7ae242ba5c155bec2d87d) Importer(815301076,1909f56bfc062723c751e8b465ee728b)  -> (artifact id: 'f58953356f11a4c3c1f2d450255f283c') in 0.027114 seconds
Number of updated asset objects reloaded before import = 0
Number of asset objects unloaded after import = 3
========================================================================
Received Import Request.
  Time since last request: 0.000034 seconds.
  path: Assets/Sprite/3.png
  artifactKey: Guid(22032c46dc364e345a4ded08dcc3a19f) Importer(815301076,1909f56bfc062723c751e8b465ee728b)
Start importing Assets/Sprite/3.png using Guid(22032c46dc364e345a4ded08dcc3a19f) Importer(815301076,1909f56bfc062723c751e8b465ee728b)  -> (artifact id: '0c6c3d6e0035ceac35adf90b8f36bde9') in 0.029767 seconds
Number of updated asset objects reloaded before import = 0
Number of asset objects unloaded after import = 3
========================================================================
Received Import Request.
  Time since last request: 0.357446 seconds.
  path: Assets/Sprite/20.png
  artifactKey: Guid(298636722737c4b41816506cd4bc994f) Importer(815301076,1909f56bfc062723c751e8b465ee728b)
Start importing Assets/Sprite/20.png using Guid(298636722737c4b41816506cd4bc994f) Importer(815301076,1909f56bfc062723c751e8b465ee728b)  -> (artifact id: '445a3db9b0f35d96e418d6f081f16915') in 0.020365 seconds
Number of updated asset objects reloaded before import = 0
Number of asset objects unloaded after import = 3
========================================================================
Received Import Request.
  Time since last request: 0.000041 seconds.
  path: Assets/Sprite/22.png
  artifactKey: Guid(9b324dfdb82b45c48868d92457b28205) Importer(815301076,1909f56bfc062723c751e8b465ee728b)
Start importing Assets/Sprite/22.png using Guid(9b324dfdb82b45c48868d92457b28205) Importer(815301076,1909f56bfc062723c751e8b465ee728b)  -> (artifact id: 'ec4c317f903df9738a34a2d66ba02d7d') in 0.032546 seconds
Number of updated asset objects reloaded before import = 0
Number of asset objects unloaded after import = 3
========================================================================
Received Import Request.
  Time since last request: 0.000055 seconds.
  path: Assets/Sprite/24.png
  artifactKey: Guid(608910b210324d04fb0662feb7f3c492) Importer(815301076,1909f56bfc062723c751e8b465ee728b)
Start importing Assets/Sprite/24.png using Guid(608910b210324d04fb0662feb7f3c492) Importer(815301076,1909f56bfc062723c751e8b465ee728b)  -> (artifact id: '4f78b1a1520bcb9e46c0fcd75d4f2ba5') in 0.025487 seconds
Number of updated asset objects reloaded before import = 0
Number of asset objects unloaded after import = 3
========================================================================
Received Import Request.
  Time since last request: 0.079183 seconds.
  path: Assets/Sprite/27.png
  artifactKey: Guid(622fb35cc76297d489bca02f0e1db421) Importer(815301076,1909f56bfc062723c751e8b465ee728b)
Start importing Assets/Sprite/27.png using Guid(622fb35cc76297d489bca02f0e1db421) Importer(815301076,1909f56bfc062723c751e8b465ee728b)  -> (artifact id: '7fa47463e2cb3e540fdd36ca1b81dcef') in 0.025083 seconds
Number of updated asset objects reloaded before import = 0
Number of asset objects unloaded after import = 3
========================================================================
Received Import Request.
  Time since last request: 0.000031 seconds.
  path: Assets/Sprite/29.png
  artifactKey: Guid(9ebfae404a81b3949afa0d4062aecd06) Importer(815301076,1909f56bfc062723c751e8b465ee728b)
Start importing Assets/Sprite/29.png using Guid(9ebfae404a81b3949afa0d4062aecd06) Importer(815301076,1909f56bfc062723c751e8b465ee728b)  -> (artifact id: '1c99744793043a0ad80d0ce715570565') in 0.031363 seconds
Number of updated asset objects reloaded before import = 0
Number of asset objects unloaded after import = 3
========================================================================
Received Import Request.
  Time since last request: 0.000028 seconds.
  path: Assets/Sprite/a1.png
  artifactKey: Guid(6683520fcbdb0054c974c8a756a2ea97) Importer(815301076,1909f56bfc062723c751e8b465ee728b)
Start importing Assets/Sprite/a1.png using Guid(6683520fcbdb0054c974c8a756a2ea97) Importer(815301076,1909f56bfc062723c751e8b465ee728b)  -> (artifact id: 'f003ecf65c07b6de48f585742181ae6c') in 0.028781 seconds
Number of updated asset objects reloaded before import = 0
Number of asset objects unloaded after import = 3
========================================================================
Received Import Request.
  Time since last request: 0.373891 seconds.
  path: Assets/Sprite/Accuracy_s.png
  artifactKey: Guid(f1b1b0336a08084429f631c192373847) Importer(815301076,1909f56bfc062723c751e8b465ee728b)
Start importing Assets/Sprite/Accuracy_s.png using Guid(f1b1b0336a08084429f631c192373847) Importer(815301076,1909f56bfc062723c751e8b465ee728b)  -> (artifact id: '9bad5203dbcd657d7fe0d0bf33d0e6e2') in 0.046324 seconds
Number of updated asset objects reloaded before import = 0
Number of asset objects unloaded after import = 3
========================================================================
Received Import Request.
  Time since last request: 0.000023 seconds.
  path: Assets/Sprite/AirUnitTilesWalking.png
  artifactKey: Guid(8e5fc88375acaeb468d0b8c8a9bec077) Importer(815301076,1909f56bfc062723c751e8b465ee728b)
Start importing Assets/Sprite/AirUnitTilesWalking.png using Guid(8e5fc88375acaeb468d0b8c8a9bec077) Importer(815301076,1909f56bfc062723c751e8b465ee728b)  -> (artifact id: '6f75d41dfd0443e210af4e1af903b79f') in 0.028855 seconds
Number of updated asset objects reloaded before import = 0
Number of asset objects unloaded after import = 3
========================================================================
Received Import Request.
  Time since last request: 0.000029 seconds.
  path: Assets/Sprite/At.png
  artifactKey: Guid(ef25b92a8e4b2644b8420de820e6c11f) Importer(815301076,1909f56bfc062723c751e8b465ee728b)
Start importing Assets/Sprite/At.png using Guid(ef25b92a8e4b2644b8420de820e6c11f) Importer(815301076,1909f56bfc062723c751e8b465ee728b)  -> (artifact id: '5bbe2d1757c396a1c188ff46b6d034d1') in 0.033677 seconds
Number of updated asset objects reloaded before import = 0
Number of asset objects unloaded after import = 3
========================================================================
Received Import Request.
  Time since last request: 0.000027 seconds.
  path: Assets/Sprite/At_s.png
  artifactKey: Guid(3ff493f1ccb0a9b48a1a262f25a80a42) Importer(815301076,1909f56bfc062723c751e8b465ee728b)
Start importing Assets/Sprite/At_s.png using Guid(3ff493f1ccb0a9b48a1a262f25a80a42) Importer(815301076,1909f56bfc062723c751e8b465ee728b)  -> (artifact id: '1d80a04264ef004369f746b5cb337019') in 0.031098 seconds
Number of updated asset objects reloaded before import = 0
Number of asset objects unloaded after import = 3
========================================================================
Received Import Request.
  Time since last request: 0.353277 seconds.
  path: Assets/Sprite/Back 2.png
  artifactKey: Guid(1f132d530deee984e8f65c8edc77b570) Importer(815301076,1909f56bfc062723c751e8b465ee728b)
Start importing Assets/Sprite/Back 2.png using Guid(1f132d530deee984e8f65c8edc77b570) Importer(815301076,1909f56bfc062723c751e8b465ee728b)  -> (artifact id: '6a6032299c0b555f424bef56511792d5') in 0.021975 seconds
Number of updated asset objects reloaded before import = 0
Number of asset objects unloaded after import = 3
========================================================================
Received Import Request.
  Time since last request: 0.000029 seconds.
  path: Assets/Sprite/base2.png
  artifactKey: Guid(701ec91df8d7c404d92cbac199151b1f) Importer(815301076,1909f56bfc062723c751e8b465ee728b)
Start importing Assets/Sprite/base2.png using Guid(701ec91df8d7c404d92cbac199151b1f) Importer(815301076,1909f56bfc062723c751e8b465ee728b)  -> (artifact id: '4aab9d7e6311eb51de0f34b744c49d31') in 0.026538 seconds
Number of updated asset objects reloaded before import = 0
Number of asset objects unloaded after import = 3
========================================================================
Received Import Request.
  Time since last request: 0.000030 seconds.
  path: Assets/Sprite/base1.png
  artifactKey: Guid(a609eeda984692d42ba02c7090feb570) Importer(815301076,1909f56bfc062723c751e8b465ee728b)
Start importing Assets/Sprite/base1.png using Guid(a609eeda984692d42ba02c7090feb570) Importer(815301076,1909f56bfc062723c751e8b465ee728b)  -> (artifact id: 'f1eacc99dccbeececcb5f56b5107b18c') in 0.025395 seconds
Number of updated asset objects reloaded before import = 0
Number of asset objects unloaded after import = 3
========================================================================
Received Import Request.
  Time since last request: 0.000025 seconds.
  path: Assets/Sprite/Bar 1.png
  artifactKey: Guid(f66b8ca2c2ce86b46b059120c784c6c8) Importer(815301076,1909f56bfc062723c751e8b465ee728b)
Start importing Assets/Sprite/Bar 1.png using Guid(f66b8ca2c2ce86b46b059120c784c6c8) Importer(815301076,1909f56bfc062723c751e8b465ee728b)  -> (artifact id: '0cdb58611fec64010db0f15e879a1a49') in 0.022336 seconds
Number of updated asset objects reloaded before import = 0
Number of asset objects unloaded after import = 3
========================================================================
Received Import Request.
  Time since last request: 0.070217 seconds.
  path: Assets/Sprite/Biggrass.png
  artifactKey: Guid(761185d3685bb874ea620effbdd0c6e4) Importer(815301076,1909f56bfc062723c751e8b465ee728b)
Start importing Assets/Sprite/Biggrass.png using Guid(761185d3685bb874ea620effbdd0c6e4) Importer(815301076,1909f56bfc062723c751e8b465ee728b)  -> (artifact id: 'cb410b050279d6f89796c9740e1cdd87') in 0.028209 seconds
Number of updated asset objects reloaded before import = 0
Number of asset objects unloaded after import = 3
========================================================================
Received Import Request.
  Time since last request: 0.000026 seconds.
  path: Assets/Sprite/c_point3_0.png
  artifactKey: Guid(b4f8ccd6eab3da1448a91b0df9fae93e) Importer(815301076,1909f56bfc062723c751e8b465ee728b)
Start importing Assets/Sprite/c_point3_0.png using Guid(b4f8ccd6eab3da1448a91b0df9fae93e) Importer(815301076,1909f56bfc062723c751e8b465ee728b)  -> (artifact id: '0dea81171125eacd580585b8574979aa') in 0.061151 seconds
Number of updated asset objects reloaded before import = 0
Number of asset objects unloaded after import = 3
========================================================================
Received Import Request.
  Time since last request: 0.000022 seconds.
  path: Assets/Sprite/c_point2.png
  artifactKey: Guid(951e45c0db4ec7d46b09fec06148efff) Importer(815301076,1909f56bfc062723c751e8b465ee728b)
Start importing Assets/Sprite/c_point2.png using Guid(951e45c0db4ec7d46b09fec06148efff) Importer(815301076,1909f56bfc062723c751e8b465ee728b)  -> (artifact id: '78fa03ac7e967b9e508ebf78b148f9a7') in 0.028564 seconds
Number of updated asset objects reloaded before import = 0
Number of asset objects unloaded after import = 3
========================================================================
Received Import Request.
  Time since last request: 0.356587 seconds.
  path: Assets/Sprite/Clicked.png
  artifactKey: Guid(fbb604bf7324ea84eaccc161974f6ab7) Importer(815301076,1909f56bfc062723c751e8b465ee728b)
Start importing Assets/Sprite/Clicked.png using Guid(fbb604bf7324ea84eaccc161974f6ab7) Importer(815301076,1909f56bfc062723c751e8b465ee728b)  -> (artifact id: 'deac4c8db6a216645d1fcc88c2b85e13') in 0.025146 seconds
Number of updated asset objects reloaded before import = 0
Number of asset objects unloaded after import = 3
========================================================================
Received Import Request.
  Time since last request: 0.000026 seconds.
  path: Assets/Sprite/dyingTiles.png
  artifactKey: Guid(1c4317f4ccedb5847bf9d805a053a160) Importer(815301076,1909f56bfc062723c751e8b465ee728b)
Start importing Assets/Sprite/dyingTiles.png using Guid(1c4317f4ccedb5847bf9d805a053a160) Importer(815301076,1909f56bfc062723c751e8b465ee728b)  -> (artifact id: 'a4b7376742b665cf5a260584878f4783') in 0.043956 seconds
Number of updated asset objects reloaded before import = 0
Number of asset objects unloaded after import = 3
========================================================================
Received Import Request.
  Time since last request: 0.000033 seconds.
  path: Assets/Sprite/door.png
  artifactKey: Guid(e2889c74217a00d4792af4cbedb0e540) Importer(815301076,1909f56bfc062723c751e8b465ee728b)
Start importing Assets/Sprite/door.png using Guid(e2889c74217a00d4792af4cbedb0e540) Importer(815301076,1909f56bfc062723c751e8b465ee728b)  -> (artifact id: 'e72ca37b17769ec6b0816a257afe676a') in 0.024612 seconds
Number of updated asset objects reloaded before import = 0
Number of asset objects unloaded after import = 3
========================================================================
Received Import Request.
  Time since last request: 0.000025 seconds.
  path: Assets/Sprite/cloud.png
  artifactKey: Guid(93b35961811052e4da195c27562938d3) Importer(815301076,1909f56bfc062723c751e8b465ee728b)
Start importing Assets/Sprite/cloud.png using Guid(93b35961811052e4da195c27562938d3) Importer(815301076,1909f56bfc062723c751e8b465ee728b)  -> (artifact id: 'cd2de3d226046df5c230dab09a7139e8') in 0.022865 seconds
Number of updated asset objects reloaded before import = 0
Number of asset objects unloaded after import = 3
========================================================================
Received Import Request.
  Time since last request: 0.079889 seconds.
  path: Assets/Sprite/FinalMap.png
  artifactKey: Guid(7798f2f2c4c1d9140b6e76fd470dca9a) Importer(815301076,1909f56bfc062723c751e8b465ee728b)
Start importing Assets/Sprite/FinalMap.png using Guid(7798f2f2c4c1d9140b6e76fd470dca9a) Importer(815301076,1909f56bfc062723c751e8b465ee728b)  -> (artifact id: '3837fdb28a8f71716231bb1f4179c314') in 0.027416 seconds
Number of updated asset objects reloaded before import = 0
Number of asset objects unloaded after import = 3
========================================================================
Received Import Request.
  Time since last request: 0.000035 seconds.
  path: Assets/Sprite/FinalMapPhone.png
  artifactKey: Guid(3595a333bafecb34e94ff8b1f8c6d140) Importer(815301076,1909f56bfc062723c751e8b465ee728b)
Start importing Assets/Sprite/FinalMapPhone.png using Guid(3595a333bafecb34e94ff8b1f8c6d140) Importer(815301076,1909f56bfc062723c751e8b465ee728b)  -> (artifact id: '61d1a12616d1d4bd52b19177990e7ffb') in 0.033287 seconds
Number of updated asset objects reloaded before import = 0
Number of asset objects unloaded after import = 3
========================================================================
Received Import Request.
  Time since last request: 0.000031 seconds.
  path: Assets/Sprite/Fire_s.png
  artifactKey: Guid(bef141d2bfd071a48b9ac693227eb951) Importer(815301076,1909f56bfc062723c751e8b465ee728b)
Start importing Assets/Sprite/Fire_s.png using Guid(bef141d2bfd071a48b9ac693227eb951) Importer(815301076,1909f56bfc062723c751e8b465ee728b)  -> (artifact id: '46960b31d1006ebd3529b5169d102659') in 0.012687 seconds
Number of updated asset objects reloaded before import = 0
Number of asset objects unloaded after import = 3
========================================================================
Received Import Request.
  Time since last request: 0.000030 seconds.
  path: Assets/Sprite/Fire.png
  artifactKey: Guid(34d6703ba7cf6dd469bb0aad4781fccb) Importer(815301076,1909f56bfc062723c751e8b465ee728b)
Start importing Assets/Sprite/Fire.png using Guid(34d6703ba7cf6dd469bb0aad4781fccb) Importer(815301076,1909f56bfc062723c751e8b465ee728b)  -> (artifact id: '4e6961946fa9e16c42487c4add0f5724') in 0.010721 seconds
Number of updated asset objects reloaded before import = 0
Number of asset objects unloaded after import = 3
========================================================================
Received Import Request.
  Time since last request: 0.442495 seconds.
  path: Assets/Sprite/flag 1.png
  artifactKey: Guid(cdff4888c1c11bd4b86176c41082333b) Importer(815301076,1909f56bfc062723c751e8b465ee728b)
Start importing Assets/Sprite/flag 1.png using Guid(cdff4888c1c11bd4b86176c41082333b) Importer(815301076,1909f56bfc062723c751e8b465ee728b)  -> (artifact id: '3f79fccdee5ea817221c07348da3f3a8') in 0.021651 seconds
Number of updated asset objects reloaded before import = 0
Number of asset objects unloaded after import = 3
========================================================================
Received Import Request.
  Time since last request: 0.000017 seconds.
  path: Assets/Sprite/flecha.png
  artifactKey: Guid(2351859d4cbd262448fb1705f6521a16) Importer(815301076,1909f56bfc062723c751e8b465ee728b)
Start importing Assets/Sprite/flecha.png using Guid(2351859d4cbd262448fb1705f6521a16) Importer(815301076,1909f56bfc062723c751e8b465ee728b)  -> (artifact id: '7efdcc64cecebc65dd1c449181eccad4') in 0.023863 seconds
Number of updated asset objects reloaded before import = 0
Number of asset objects unloaded after import = 3
========================================================================
Received Import Request.
  Time since last request: 0.000022 seconds.
  path: Assets/Sprite/flag_s.png
  artifactKey: Guid(a1088eff2e5c4b94bb17c0251dd18656) Importer(815301076,1909f56bfc062723c751e8b465ee728b)
Start importing Assets/Sprite/flag_s.png using Guid(a1088eff2e5c4b94bb17c0251dd18656) Importer(815301076,1909f56bfc062723c751e8b465ee728b)  -> (artifact id: '64d27fa95dc09d698756ba8650c6904c') in 0.024338 seconds
Number of updated asset objects reloaded before import = 0
Number of asset objects unloaded after import = 3
========================================================================
Received Import Request.
  Time since last request: 0.000021 seconds.
  path: Assets/Sprite/GoMain.png
  artifactKey: Guid(def72248bc4417344accf1e88615c0c8) Importer(815301076,1909f56bfc062723c751e8b465ee728b)
Start importing Assets/Sprite/GoMain.png using Guid(def72248bc4417344accf1e88615c0c8) Importer(815301076,1909f56bfc062723c751e8b465ee728b)  -> (artifact id: '5243149a46b1d5727b656623a766b533') in 0.023136 seconds
Number of updated asset objects reloaded before import = 0
Number of asset objects unloaded after import = 3
========================================================================
Received Import Request.
  Time since last request: 0.628905 seconds.
  path: Assets/Sprite/Heart.png
  artifactKey: Guid(ae93735604fc8d04e8159ac66b724f1f) Importer(815301076,1909f56bfc062723c751e8b465ee728b)
Start importing Assets/Sprite/Heart.png using Guid(ae93735604fc8d04e8159ac66b724f1f) Importer(815301076,1909f56bfc062723c751e8b465ee728b)  -> (artifact id: 'c2249fc05da8124b9d2036206414962e') in 0.021026 seconds
Number of updated asset objects reloaded before import = 0
Number of asset objects unloaded after import = 3
========================================================================
Received Import Request.
  Time since last request: 0.000016 seconds.
  path: Assets/Sprite/Ice_s.png
  artifactKey: Guid(9349aeb81fa4f594da4696f3ce7f3066) Importer(815301076,1909f56bfc062723c751e8b465ee728b)
Start importing Assets/Sprite/Ice_s.png using Guid(9349aeb81fa4f594da4696f3ce7f3066) Importer(815301076,1909f56bfc062723c751e8b465ee728b)  -> (artifact id: '19a1bda0f060786ab7d8f5b9a678c5af') in 0.021209 seconds
Number of updated asset objects reloaded before import = 0
Number of asset objects unloaded after import = 3
========================================================================
Received Import Request.
  Time since last request: 0.000029 seconds.
  path: Assets/Sprite/Kt_s.png
  artifactKey: Guid(5ed743dc7809a3741a030b9a858ae422) Importer(815301076,1909f56bfc062723c751e8b465ee728b)
Start importing Assets/Sprite/Kt_s.png using Guid(5ed743dc7809a3741a030b9a858ae422) Importer(815301076,1909f56bfc062723c751e8b465ee728b)  -> (artifact id: 'f09c826f28c502d8030f95a0b1bed777') in 0.054574 seconds
Number of updated asset objects reloaded before import = 0
Number of asset objects unloaded after import = 3
========================================================================
Received Import Request.
  Time since last request: 59.712945 seconds.
  path: Assets/Sprite/Knight/2.png
  artifactKey: Guid(b50ce09d615e14248ac610924ec5a3f2) Importer(815301076,1909f56bfc062723c751e8b465ee728b)
Start importing Assets/Sprite/Knight/2.png using Guid(b50ce09d615e14248ac610924ec5a3f2) Importer(815301076,1909f56bfc062723c751e8b465ee728b)  -> (artifact id: 'bc93440727bc868f9d67ba7ac255a05d') in 0.023249 seconds
Number of updated asset objects reloaded before import = 0
Number of asset objects unloaded after import = 3
Editor requested this worker to shutdown with reason: Scaling down because of idle timeout
TcpMessagingSession - receive error: operation aborted. errorcode: 995, details:  /   -       .
AssetImportWorker is now disconnected from the server
Process exiting
Exiting without the bug reporter. Application will terminate with return code 0