Using pre-set license
Built from '2022.3/staging' branch; Version is '2022.3.28f1 (6bae5ce6b222) revision 7056988'; Using compiler version '192829333'; Build Type 'Release'
OS: 'Windows 11  (10.0.26100) 64bit CoreSingleLanguage' Language: 'ru' Physical Memory: 15774 MB
BatchMode: 1, IsHumanControllingUs: 0, StartBugReporterOnCrash: 0, Is64bit: 1, IsPro: 1

COMMAND LINE ARGUMENTS:
C:\Program Files\Unity\Hub\Editor\2022.3.28f1\Editor\Unity.exe
-adb2
-batchMode
-noUpm
-name
AssetImportWorker3
-projectPath
E:/[Workspace]/Unity/TowerDefense
-logFile
Logs/AssetImportWorker3.log
-srvPort
56890
Successfully changed project path to: E:/[Workspace]/Unity/TowerDefense
E:/[Workspace]/Unity/TowerDefense
[UnityMemory] Configuration Parameters - Can be set up in boot.config
    "memorysetup-bucket-allocator-granularity=16"
    "memorysetup-bucket-allocator-bucket-count=8"
    "memorysetup-bucket-allocator-block-size=33554432"
    "memorysetup-bucket-allocator-block-count=8"
    "memorysetup-main-allocator-block-size=16777216"
    "memorysetup-thread-allocator-block-size=16777216"
    "memorysetup-gfx-main-allocator-block-size=16777216"
    "memorysetup-gfx-thread-allocator-block-size=16777216"
    "memorysetup-cache-allocator-block-size=4194304"
    "memorysetup-typetree-allocator-block-size=2097152"
    "memorysetup-profiler-bucket-allocator-granularity=16"
    "memorysetup-profiler-bucket-allocator-bucket-count=8"
    "memorysetup-profiler-bucket-allocator-block-size=33554432"
    "memorysetup-profiler-bucket-allocator-block-count=8"
    "memorysetup-profiler-allocator-block-size=16777216"
    "memorysetup-profiler-editor-allocator-block-size=1048576"
    "memorysetup-temp-allocator-size-main=16777216"
    "memorysetup-job-temp-allocator-block-size=2097152"
    "memorysetup-job-temp-allocator-block-size-background=1048576"
    "memorysetup-job-temp-allocator-reduction-small-platforms=262144"
    "memorysetup-allocator-temp-initial-block-size-main=262144"
    "memorysetup-allocator-temp-initial-block-size-worker=262144"
    "memorysetup-temp-allocator-size-background-worker=32768"
    "memorysetup-temp-allocator-size-job-worker=262144"
    "memorysetup-temp-allocator-size-preload-manager=33554432"
    "memorysetup-temp-allocator-size-nav-mesh-worker=65536"
    "memorysetup-temp-allocator-size-audio-worker=65536"
    "memorysetup-temp-allocator-size-cloud-worker=32768"
    "memorysetup-temp-allocator-size-gi-baking-worker=262144"
    "memorysetup-temp-allocator-size-gfx=262144"
Player connection [19608] Host "[IP] 10.170.0.5 [Port] 0 [Flags] 2 [Guid] 324209024 [EditorId] 324209024 [Version] 1048832 [Id] WindowsEditor(7,aivictory) [Debug] 1 [PackageName] WindowsEditor [ProjectName] Editor" joined multi-casting on [225.0.0.222:54997]...

Player connection [19608] Host "[IP] 10.170.0.5 [Port] 0 [Flags] 2 [Guid] 324209024 [EditorId] 324209024 [Version] 1048832 [Id] WindowsEditor(7,aivictory) [Debug] 1 [PackageName] WindowsEditor [ProjectName] Editor" joined alternative multi-casting on [225.0.0.222:34997]...

[Physics::Module] Initialized MultithreadedJobDispatcher with 15 workers.
Refreshing native plugins compatible for Editor in 14.81 ms, found 4 plugins.
Preloading 0 native plugins for Editor in 0.00 ms.
Initialize engine version: 2022.3.28f1 (6bae5ce6b222)
[Subsystems] Discovering subsystems at path C:/Program Files/Unity/Hub/Editor/2022.3.28f1/Editor/Data/Resources/UnitySubsystems
[Subsystems] Discovering subsystems at path E:/[Workspace]/Unity/TowerDefense/Assets
GfxDevice: creating device client; threaded=0; jobified=0
Direct3D:
    Version:  Direct3D 11.0 [level 11.1]
    Renderer: AMD Radeon RX 6800M (ID=0x73df)
    Vendor:   ATI
    VRAM:     12234 MB
    Driver:   32.0.12033.1030
Initialize mono
Mono path[0] = 'C:/Program Files/Unity/Hub/Editor/2022.3.28f1/Editor/Data/Managed'
Mono path[1] = 'C:/Program Files/Unity/Hub/Editor/2022.3.28f1/Editor/Data/MonoBleedingEdge/lib/mono/unityjit-win32'
Mono config path = 'C:/Program Files/Unity/Hub/Editor/2022.3.28f1/Editor/Data/MonoBleedingEdge/etc'
Using monoOptions --debugger-agent=transport=dt_socket,embedding=1,server=y,suspend=n,address=127.0.0.1:56696
Begin MonoManager ReloadAssembly
Registering precompiled unity dll's ...
Register platform support module: C:/Program Files/Unity/Hub/Editor/2022.3.28f1/Editor/Data/PlaybackEngines/WindowsStandaloneSupport/UnityEditor.WindowsStandalone.Extensions.dll
Registered in 0.056442 seconds.
- Loaded All Assemblies, in  0.869 seconds
Native extension for WindowsStandalone target not found
Mono: successfully reloaded assembly
- Finished resetting the current domain, in  0.311 seconds
Domain Reload Profiling: 1136ms
	BeginReloadAssembly (338ms)
		ExecutionOrderSort (0ms)
		DisableScriptedObjects (0ms)
		BackupInstance (0ms)
		ReleaseScriptingObjects (0ms)
		CreateAndSetChildDomain (1ms)
	RebuildCommonClasses (59ms)
	RebuildNativeTypeToScriptingClass (12ms)
	initialDomainReloadingComplete (183ms)
	LoadAllAssembliesAndSetupDomain (233ms)
		LoadAssemblies (325ms)
		RebuildTransferFunctionScriptingTraits (0ms)
		AnalyzeDomain (224ms)
			TypeCache.Refresh (223ms)
				TypeCache.ScanAssembly (204ms)
			ScanForSourceGeneratedMonoScriptInfo (0ms)
			ResolveRequiredComponents (0ms)
	FinalizeReload (311ms)
		ReleaseScriptCaches (0ms)
		RebuildScriptCaches (0ms)
		SetupLoadedEditorAssemblies (255ms)
			LogAssemblyErrors (0ms)
			InitializePlatformSupportModulesInManaged (27ms)
			SetLoadedEditorAssemblies (8ms)
			RefreshPlugins (0ms)
			BeforeProcessingInitializeOnLoad (2ms)
			ProcessInitializeOnLoadAttributes (155ms)
			ProcessInitializeOnLoadMethodAttributes (62ms)
			AfterProcessingInitializeOnLoad (0ms)
			EditorAssembliesLoaded (0ms)
		ExecutionOrderSort2 (0ms)
		AwakeInstancesAfterBackupRestoration (0ms)
========================================================================
Worker process is ready to serve import requests
Begin MonoManager ReloadAssembly
- Loaded All Assemblies, in  1.205 seconds
Refreshing native plugins compatible for Editor in 7.08 ms, found 4 plugins.
Native extension for WindowsStandalone target not found
Mono: successfully reloaded assembly
- Finished resetting the current domain, in  0.787 seconds
Domain Reload Profiling: 1931ms
	BeginReloadAssembly (255ms)
		ExecutionOrderSort (0ms)
		DisableScriptedObjects (4ms)
		BackupInstance (0ms)
		ReleaseScriptingObjects (0ms)
		CreateAndSetChildDomain (21ms)
	RebuildCommonClasses (64ms)
	RebuildNativeTypeToScriptingClass (37ms)
	initialDomainReloadingComplete (171ms)
	LoadAllAssembliesAndSetupDomain (617ms)
		LoadAssemblies (587ms)
		RebuildTransferFunctionScriptingTraits (0ms)
		AnalyzeDomain (218ms)
			TypeCache.Refresh (196ms)
				TypeCache.ScanAssembly (178ms)
			ScanForSourceGeneratedMonoScriptInfo (16ms)
			ResolveRequiredComponents (5ms)
	FinalizeReload (787ms)
		ReleaseScriptCaches (0ms)
		RebuildScriptCaches (0ms)
		SetupLoadedEditorAssemblies (645ms)
			LogAssemblyErrors (0ms)
			InitializePlatformSupportModulesInManaged (36ms)
			SetLoadedEditorAssemblies (4ms)
			RefreshPlugins (0ms)
			BeforeProcessingInitializeOnLoad (111ms)
			ProcessInitializeOnLoadAttributes (379ms)
			ProcessInitializeOnLoadMethodAttributes (66ms)
			AfterProcessingInitializeOnLoad (49ms)
			EditorAssembliesLoaded (0ms)
		ExecutionOrderSort2 (0ms)
		AwakeInstancesAfterBackupRestoration (9ms)
Launched and connected shader compiler UnityShaderCompiler.exe after 0.11 seconds
Refreshing native plugins compatible for Editor in 6.53 ms, found 4 plugins.
Preloading 0 native plugins for Editor in 0.00 ms.
Unloading 4086 Unused Serialized files (Serialized files now loaded: 0)
Unloading 66 unused Assets / (61.8 KB). Loaded Objects now: 4546.
Memory consumption went from 144.9 MB to 144.8 MB.
Total: 4.022700 ms (FindLiveObjects: 0.384200 ms CreateObjectMapping: 0.126200 ms MarkObjects: 3.351400 ms  DeleteObjects: 0.159400 ms)

AssetImportParameters requested are different than current active one (requested -> active):
  custom:container-demuxer-ogg: 62fdf1f143b41e24485cea50d1cbac27 -> 
  custom:scripting/monoscript/fileName/GravityWell.cs: cb37b2c9d44763d640c033e97bed45e0 -> 
  custom:scripting/monoscript/fileName/ProjectileExplosion.cs: 0a94f583be932052b36ebee7efde578c -> 
  custom:video-codec-MediaFoundation-h265: 746d11721c4dcdbdad8f713fa42b33f4 -> 
  custom:scripting/monoscript/fileName/LevelCondition.cs: 556022a2e62a7681657fd45e997928f6 -> 56220e47f13a9d6f5cc4a57df54c0651
  custom:video-decoder-ogg-theora: a1e56fd34408186e4bbccfd4996cb3dc -> 
  custom:scripting/monoscript/fileName/ProjectileRadiusExplosion.cs: 0ad27350654a2f66ab73faaaf3a171db -> 
  custom:framework-win-MediaFoundation: 216162199b28c13a410421893ffa2e32 -> 
  custom:scripting/monoscript/fileName/Powerup.cs: d23368dd04b86a17b387609661e03573 -> 
  custom:scripting/monoscript/fileName/GravityRepulsion.cs: 9bbf1bf1331d110aea69465d16a7e400 -> 
  custom:scripting/monoscript/fileName/PowerupWeapon.cs: d008ed8384f50c66f665ffbd965de230 -> 
  custom:CustomObjectIndexerAttribute: 9a22284fe3817be447336de3de66b15e -> 
  custom:scripting/monoscript/fileName/FollowCamera.cs: 68e7777c3aa8bd8a9a6af251a561c107 -> 
  custom:container-demuxer-webm: 4f35f7cbe854078d1ac9338744f61a02 -> 
  custom:container-muxer-webm: aa71ff27fc2769a1b78a27578f13a17b -> 
  custom:video-decoder-webm-vp8: 9c59270c3fd7afecdb556c50c9e8de78 -> 
  custom:SearchIndexIgnoredProperties: e643bd26f0fe6173181afceb89e7c659 -> 
  custom:AudioImporter_EditorPlatform: d09bf68614088b80899f8185d706f6e7 -> 
  custom:scripting/monoscript/fileName/SpaceShip.cs: 645ad3ed86279793de626439bdf595b3 -> 8f17b7099f292d327d6efedcc6d7eda1
  custom:scripting/monoscript/fileName/LevelCompletitionScore.cs: 1fe67b9644a0c8d4378128e060556f0a -> 
  custom:scripting/monoscript/fileName/PowerupStats.cs: fb6afd310799beefaacd88f6a6e634c9 -> 
  custom:video-encoder-webm-vp8: eb34c28f22e8b96e1ab97ce403110664 -> 
  custom:scripting/monoscript/fileName/LevelCompletitionPosition.cs: 793837d5aae267e6c0a26b5b87f4cb66 -> 
  custom:audio-decoder-ogg-vorbis: bf7c407c2cedff20999df2af8eb42d56 -> 
  custom:scripting/monoscript/fileName/ShipInputController.cs: 2ff45f836753f759293e708482e2cbb2 -> 
  custom:audio-encoder-webm-vorbis: bf7c407c2cedff20999df2af8eb42d56 -> 
========================================================================
Received Import Request.
  Time since last request: 181109.614357 seconds.
  path: Assets/Sprite/Knight/3.png
  artifactKey: Guid(9d0329c9796bb804e922d61fbcdbeb2e) Importer(815301076,1909f56bfc062723c751e8b465ee728b)
Start importing Assets/Sprite/Knight/3.png using Guid(9d0329c9796bb804e922d61fbcdbeb2e) Importer(815301076,1909f56bfc062723c751e8b465ee728b)  -> (artifact id: '0168f1e33ef7175ac55c139f66a2d8a4') in 0.160612 seconds
Number of updated asset objects reloaded before import = 0
Number of asset objects unloaded after import = 3
========================================================================
Received Prepare
Begin MonoManager ReloadAssembly
- Loaded All Assemblies, in  0.936 seconds
Refreshing native plugins compatible for Editor in 6.52 ms, found 4 plugins.
Native extension for WindowsStandalone target not found
Mono: successfully reloaded assembly
- Finished resetting the current domain, in  1.297 seconds
Domain Reload Profiling: 2212ms
	BeginReloadAssembly (306ms)
		ExecutionOrderSort (0ms)
		DisableScriptedObjects (10ms)
		BackupInstance (0ms)
		ReleaseScriptingObjects (0ms)
		CreateAndSetChildDomain (44ms)
	RebuildCommonClasses (49ms)
	RebuildNativeTypeToScriptingClass (10ms)
	initialDomainReloadingComplete (97ms)
	LoadAllAssembliesAndSetupDomain (452ms)
		LoadAssemblies (638ms)
		RebuildTransferFunctionScriptingTraits (0ms)
		AnalyzeDomain (25ms)
			TypeCache.Refresh (9ms)
				TypeCache.ScanAssembly (0ms)
			ScanForSourceGeneratedMonoScriptInfo (9ms)
			ResolveRequiredComponents (5ms)
	FinalizeReload (1298ms)
		ReleaseScriptCaches (0ms)
		RebuildScriptCaches (0ms)
		SetupLoadedEditorAssemblies (514ms)
			LogAssemblyErrors (0ms)
			InitializePlatformSupportModulesInManaged (21ms)
			SetLoadedEditorAssemblies (4ms)
			RefreshPlugins (0ms)
			BeforeProcessingInitializeOnLoad (109ms)
			ProcessInitializeOnLoadAttributes (303ms)
			ProcessInitializeOnLoadMethodAttributes (27ms)
			AfterProcessingInitializeOnLoad (49ms)
			EditorAssembliesLoaded (0ms)
		ExecutionOrderSort2 (0ms)
		AwakeInstancesAfterBackupRestoration (17ms)
Refreshing native plugins compatible for Editor in 6.57 ms, found 4 plugins.
Preloading 0 native plugins for Editor in 0.00 ms.
Unloading 4073 Unused Serialized files (Serialized files now loaded: 0)
Unloading 39 unused Assets / (36.3 KB). Loaded Objects now: 4557.
Memory consumption went from 146.3 MB to 146.2 MB.
Total: 4.522800 ms (FindLiveObjects: 0.381400 ms CreateObjectMapping: 0.176300 ms MarkObjects: 3.890900 ms  DeleteObjects: 0.072500 ms)

Prepare: number of updated asset objects reloaded= 0
AssetImportParameters requested are different than current active one (requested -> active):
  custom:container-demuxer-ogg: 62fdf1f143b41e24485cea50d1cbac27 -> 
  custom:scripting/monoscript/fileName/GravityWell.cs: cb37b2c9d44763d640c033e97bed45e0 -> 
  custom:scripting/monoscript/fileName/ProjectileExplosion.cs: 0a94f583be932052b36ebee7efde578c -> 
  custom:video-codec-MediaFoundation-h265: 746d11721c4dcdbdad8f713fa42b33f4 -> 
  custom:scripting/monoscript/fileName/LevelCondition.cs: 556022a2e62a7681657fd45e997928f6 -> 56220e47f13a9d6f5cc4a57df54c0651
  custom:video-decoder-ogg-theora: a1e56fd34408186e4bbccfd4996cb3dc -> 
  custom:scripting/monoscript/fileName/ProjectileRadiusExplosion.cs: 0ad27350654a2f66ab73faaaf3a171db -> 
  custom:framework-win-MediaFoundation: 216162199b28c13a410421893ffa2e32 -> 
  custom:scripting/monoscript/fileName/Powerup.cs: d23368dd04b86a17b387609661e03573 -> 
  custom:scripting/monoscript/fileName/GravityRepulsion.cs: 9bbf1bf1331d110aea69465d16a7e400 -> 
  custom:scripting/monoscript/fileName/PowerupWeapon.cs: d008ed8384f50c66f665ffbd965de230 -> 
  custom:CustomObjectIndexerAttribute: 9a22284fe3817be447336de3de66b15e -> 
  custom:scripting/monoscript/fileName/FollowCamera.cs: 68e7777c3aa8bd8a9a6af251a561c107 -> 
  custom:container-demuxer-webm: 4f35f7cbe854078d1ac9338744f61a02 -> 
  custom:container-muxer-webm: aa71ff27fc2769a1b78a27578f13a17b -> 
  custom:video-decoder-webm-vp8: 9c59270c3fd7afecdb556c50c9e8de78 -> 
  custom:SearchIndexIgnoredProperties: e643bd26f0fe6173181afceb89e7c659 -> 
  custom:AudioImporter_EditorPlatform: d09bf68614088b80899f8185d706f6e7 -> 
  custom:scripting/monoscript/fileName/SpaceShip.cs: 645ad3ed86279793de626439bdf595b3 -> 8f17b7099f292d327d6efedcc6d7eda1
  custom:scripting/monoscript/fileName/LevelCompletitionScore.cs: 1fe67b9644a0c8d4378128e060556f0a -> 
  custom:scripting/monoscript/fileName/PowerupStats.cs: fb6afd310799beefaacd88f6a6e634c9 -> 
  custom:video-encoder-webm-vp8: eb34c28f22e8b96e1ab97ce403110664 -> 
  custom:scripting/monoscript/fileName/LevelCompletitionPosition.cs: 793837d5aae267e6c0a26b5b87f4cb66 -> 
  custom:audio-decoder-ogg-vorbis: bf7c407c2cedff20999df2af8eb42d56 -> 
  custom:scripting/monoscript/fileName/ShipInputController.cs: 2ff45f836753f759293e708482e2cbb2 -> 
  custom:audio-encoder-webm-vorbis: bf7c407c2cedff20999df2af8eb42d56 -> 
========================================================================
Received Prepare
Begin MonoManager ReloadAssembly
- Loaded All Assemblies, in  1.151 seconds
Refreshing native plugins compatible for Editor in 8.24 ms, found 4 plugins.
Native extension for WindowsStandalone target not found
Mono: successfully reloaded assembly
- Finished resetting the current domain, in  2.385 seconds
Domain Reload Profiling: 3431ms
	BeginReloadAssembly (288ms)
		ExecutionOrderSort (0ms)
		DisableScriptedObjects (11ms)
		BackupInstance (0ms)
		ReleaseScriptingObjects (0ms)
		CreateAndSetChildDomain (40ms)
	RebuildCommonClasses (41ms)
	RebuildNativeTypeToScriptingClass (12ms)
	initialDomainReloadingComplete (77ms)
	LoadAllAssembliesAndSetupDomain (628ms)
		LoadAssemblies (804ms)
		RebuildTransferFunctionScriptingTraits (0ms)
		AnalyzeDomain (18ms)
			TypeCache.Refresh (8ms)
				TypeCache.ScanAssembly (0ms)
			ScanForSourceGeneratedMonoScriptInfo (0ms)
			ResolveRequiredComponents (9ms)
	FinalizeReload (2385ms)
		ReleaseScriptCaches (0ms)
		RebuildScriptCaches (0ms)
		SetupLoadedEditorAssemblies (724ms)
			LogAssemblyErrors (0ms)
			InitializePlatformSupportModulesInManaged (29ms)
			SetLoadedEditorAssemblies (7ms)
			RefreshPlugins (0ms)
			BeforeProcessingInitializeOnLoad (141ms)
			ProcessInitializeOnLoadAttributes (445ms)
			ProcessInitializeOnLoadMethodAttributes (42ms)
			AfterProcessingInitializeOnLoad (59ms)
			EditorAssembliesLoaded (1ms)
		ExecutionOrderSort2 (0ms)
		AwakeInstancesAfterBackupRestoration (19ms)
Refreshing native plugins compatible for Editor in 6.36 ms, found 4 plugins.
Preloading 0 native plugins for Editor in 0.00 ms.
Unloading 4074 Unused Serialized files (Serialized files now loaded: 0)
Unloading 38 unused Assets / (35.8 KB). Loaded Objects now: 4561.
Memory consumption went from 146.5 MB to 146.5 MB.
Total: 3.446400 ms (FindLiveObjects: 0.297100 ms CreateObjectMapping: 0.226300 ms MarkObjects: 2.857400 ms  DeleteObjects: 0.064400 ms)

Prepare: number of updated asset objects reloaded= 0
AssetImportParameters requested are different than current active one (requested -> active):
  custom:container-demuxer-ogg: 62fdf1f143b41e24485cea50d1cbac27 -> 
  custom:scripting/monoscript/fileName/GravityWell.cs: cb37b2c9d44763d640c033e97bed45e0 -> 
  custom:scripting/monoscript/fileName/ProjectileExplosion.cs: 0a94f583be932052b36ebee7efde578c -> 
  custom:video-codec-MediaFoundation-h265: 746d11721c4dcdbdad8f713fa42b33f4 -> 
  custom:scripting/monoscript/fileName/LevelCondition.cs: 556022a2e62a7681657fd45e997928f6 -> 56220e47f13a9d6f5cc4a57df54c0651
  custom:video-decoder-ogg-theora: a1e56fd34408186e4bbccfd4996cb3dc -> 
  custom:scripting/monoscript/fileName/ProjectileRadiusExplosion.cs: 0ad27350654a2f66ab73faaaf3a171db -> 
  custom:framework-win-MediaFoundation: 216162199b28c13a410421893ffa2e32 -> 
  custom:scripting/monoscript/fileName/Powerup.cs: d23368dd04b86a17b387609661e03573 -> 
  custom:scripting/monoscript/fileName/GravityRepulsion.cs: 9bbf1bf1331d110aea69465d16a7e400 -> 
  custom:scripting/monoscript/fileName/PowerupWeapon.cs: d008ed8384f50c66f665ffbd965de230 -> 
  custom:CustomObjectIndexerAttribute: 9a22284fe3817be447336de3de66b15e -> 
  custom:scripting/monoscript/fileName/FollowCamera.cs: 68e7777c3aa8bd8a9a6af251a561c107 -> 
  custom:container-demuxer-webm: 4f35f7cbe854078d1ac9338744f61a02 -> 
  custom:container-muxer-webm: aa71ff27fc2769a1b78a27578f13a17b -> 
  custom:video-decoder-webm-vp8: 9c59270c3fd7afecdb556c50c9e8de78 -> 
  custom:SearchIndexIgnoredProperties: e643bd26f0fe6173181afceb89e7c659 -> 
  custom:AudioImporter_EditorPlatform: d09bf68614088b80899f8185d706f6e7 -> 
  custom:scripting/monoscript/fileName/SpaceShip.cs: 645ad3ed86279793de626439bdf595b3 -> 8f17b7099f292d327d6efedcc6d7eda1
  custom:scripting/monoscript/fileName/LevelCompletitionScore.cs: 1fe67b9644a0c8d4378128e060556f0a -> 
  custom:scripting/monoscript/fileName/PowerupStats.cs: fb6afd310799beefaacd88f6a6e634c9 -> 
  custom:video-encoder-webm-vp8: eb34c28f22e8b96e1ab97ce403110664 -> 
  custom:scripting/monoscript/fileName/LevelCompletitionPosition.cs: 793837d5aae267e6c0a26b5b87f4cb66 -> 
  custom:audio-decoder-ogg-vorbis: bf7c407c2cedff20999df2af8eb42d56 -> 
  custom:scripting/monoscript/fileName/ShipInputController.cs: 2ff45f836753f759293e708482e2cbb2 -> 
  custom:audio-encoder-webm-vorbis: bf7c407c2cedff20999df2af8eb42d56 -> 
========================================================================
Received Prepare
Begin MonoManager ReloadAssembly
- Loaded All Assemblies, in  0.799 seconds
Refreshing native plugins compatible for Editor in 6.60 ms, found 4 plugins.
Native extension for WindowsStandalone target not found
Mono: successfully reloaded assembly
- Finished resetting the current domain, in  1.442 seconds
Domain Reload Profiling: 2226ms
	BeginReloadAssembly (277ms)
		ExecutionOrderSort (0ms)
		DisableScriptedObjects (9ms)
		BackupInstance (0ms)
		ReleaseScriptingObjects (0ms)
		CreateAndSetChildDomain (38ms)
	RebuildCommonClasses (39ms)
	RebuildNativeTypeToScriptingClass (9ms)
	initialDomainReloadingComplete (71ms)
	LoadAllAssembliesAndSetupDomain (389ms)
		LoadAssemblies (563ms)
		RebuildTransferFunctionScriptingTraits (0ms)
		AnalyzeDomain (12ms)
			TypeCache.Refresh (6ms)
				TypeCache.ScanAssembly (0ms)
			ScanForSourceGeneratedMonoScriptInfo (0ms)
			ResolveRequiredComponents (5ms)
	FinalizeReload (1442ms)
		ReleaseScriptCaches (0ms)
		RebuildScriptCaches (0ms)
		SetupLoadedEditorAssemblies (515ms)
			LogAssemblyErrors (0ms)
			InitializePlatformSupportModulesInManaged (22ms)
			SetLoadedEditorAssemblies (4ms)
			RefreshPlugins (0ms)
			BeforeProcessingInitializeOnLoad (105ms)
			ProcessInitializeOnLoadAttributes (307ms)
			ProcessInitializeOnLoadMethodAttributes (26ms)
			AfterProcessingInitializeOnLoad (51ms)
			EditorAssembliesLoaded (0ms)
		ExecutionOrderSort2 (0ms)
		AwakeInstancesAfterBackupRestoration (15ms)
Refreshing native plugins compatible for Editor in 6.12 ms, found 4 plugins.
Preloading 0 native plugins for Editor in 0.00 ms.
Unloading 4074 Unused Serialized files (Serialized files now loaded: 0)
Unloading 38 unused Assets / (35.8 KB). Loaded Objects now: 4565.
Memory consumption went from 146.5 MB to 146.5 MB.
Total: 3.558400 ms (FindLiveObjects: 0.308300 ms CreateObjectMapping: 0.244100 ms MarkObjects: 2.935600 ms  DeleteObjects: 0.068500 ms)

Prepare: number of updated asset objects reloaded= 0
AssetImportParameters requested are different than current active one (requested -> active):
  custom:container-demuxer-ogg: 62fdf1f143b41e24485cea50d1cbac27 -> 
  custom:scripting/monoscript/fileName/GravityWell.cs: cb37b2c9d44763d640c033e97bed45e0 -> 
  custom:scripting/monoscript/fileName/ProjectileExplosion.cs: 0a94f583be932052b36ebee7efde578c -> 
  custom:video-codec-MediaFoundation-h265: 746d11721c4dcdbdad8f713fa42b33f4 -> 
  custom:scripting/monoscript/fileName/LevelCondition.cs: 556022a2e62a7681657fd45e997928f6 -> 56220e47f13a9d6f5cc4a57df54c0651
  custom:video-decoder-ogg-theora: a1e56fd34408186e4bbccfd4996cb3dc -> 
  custom:scripting/monoscript/fileName/ProjectileRadiusExplosion.cs: 0ad27350654a2f66ab73faaaf3a171db -> 
  custom:framework-win-MediaFoundation: 216162199b28c13a410421893ffa2e32 -> 
  custom:scripting/monoscript/fileName/Powerup.cs: d23368dd04b86a17b387609661e03573 -> 
  custom:scripting/monoscript/fileName/GravityRepulsion.cs: 9bbf1bf1331d110aea69465d16a7e400 -> 
  custom:scripting/monoscript/fileName/PowerupWeapon.cs: d008ed8384f50c66f665ffbd965de230 -> 
  custom:CustomObjectIndexerAttribute: 9a22284fe3817be447336de3de66b15e -> 
  custom:scripting/monoscript/fileName/FollowCamera.cs: 68e7777c3aa8bd8a9a6af251a561c107 -> 
  custom:container-demuxer-webm: 4f35f7cbe854078d1ac9338744f61a02 -> 
  custom:container-muxer-webm: aa71ff27fc2769a1b78a27578f13a17b -> 
  custom:video-decoder-webm-vp8: 9c59270c3fd7afecdb556c50c9e8de78 -> 
  custom:SearchIndexIgnoredProperties: e643bd26f0fe6173181afceb89e7c659 -> 
  custom:AudioImporter_EditorPlatform: d09bf68614088b80899f8185d706f6e7 -> 
  custom:scripting/monoscript/fileName/SpaceShip.cs: 645ad3ed86279793de626439bdf595b3 -> 8f17b7099f292d327d6efedcc6d7eda1
  custom:scripting/monoscript/fileName/LevelCompletitionScore.cs: 1fe67b9644a0c8d4378128e060556f0a -> 
  custom:scripting/monoscript/fileName/PowerupStats.cs: fb6afd310799beefaacd88f6a6e634c9 -> 
  custom:video-encoder-webm-vp8: eb34c28f22e8b96e1ab97ce403110664 -> 
  custom:scripting/monoscript/fileName/LevelCompletitionPosition.cs: 793837d5aae267e6c0a26b5b87f4cb66 -> 
  custom:audio-decoder-ogg-vorbis: bf7c407c2cedff20999df2af8eb42d56 -> 
  custom:scripting/monoscript/fileName/ShipInputController.cs: 2ff45f836753f759293e708482e2cbb2 -> 
  custom:audio-encoder-webm-vorbis: bf7c407c2cedff20999df2af8eb42d56 -> 
========================================================================
Received Import Request.
  Time since last request: 519.088822 seconds.
  path: Assets/Sprite/1.png
  artifactKey: Guid(1d65a0d69440b0745be5f896f93496e9) Importer(815301076,1909f56bfc062723c751e8b465ee728b)
Start importing Assets/Sprite/1.png using Guid(1d65a0d69440b0745be5f896f93496e9) Importer(815301076,1909f56bfc062723c751e8b465ee728b)  -> (artifact id: '99144136a36eb19022da24482259c28f') in 0.054782 seconds
Number of updated asset objects reloaded before import = 0
Number of asset objects unloaded after import = 3
========================================================================
Received Import Request.
  Time since last request: 0.000026 seconds.
  path: Assets/Sprite/16.png
  artifactKey: Guid(012c3467b130f4449a189a94dc526a5c) Importer(815301076,1909f56bfc062723c751e8b465ee728b)
Start importing Assets/Sprite/16.png using Guid(012c3467b130f4449a189a94dc526a5c) Importer(815301076,1909f56bfc062723c751e8b465ee728b)  -> (artifact id: 'c740451c29c4680d4eca999d6f0528a0') in 0.022299 seconds
Number of updated asset objects reloaded before import = 0
Number of asset objects unloaded after import = 3
========================================================================
Received Import Request.
  Time since last request: 0.000027 seconds.
  path: Assets/Sprite/13.png
  artifactKey: Guid(c419379e846fd20469fc041108ddfd05) Importer(815301076,1909f56bfc062723c751e8b465ee728b)
Start importing Assets/Sprite/13.png using Guid(c419379e846fd20469fc041108ddfd05) Importer(815301076,1909f56bfc062723c751e8b465ee728b)  -> (artifact id: 'ff4cbc771399bc4819a4690b2661bb88') in 0.012336 seconds
Number of updated asset objects reloaded before import = 0
Number of asset objects unloaded after import = 3
========================================================================
Received Import Request.
  Time since last request: 0.000036 seconds.
  path: Assets/Sprite/10.png
  artifactKey: Guid(6b089baacab6c424296fa9b9b2080660) Importer(815301076,1909f56bfc062723c751e8b465ee728b)
Start importing Assets/Sprite/10.png using Guid(6b089baacab6c424296fa9b9b2080660) Importer(815301076,1909f56bfc062723c751e8b465ee728b)  -> (artifact id: 'a1b9ee6f498ba10434f84dcfc3c4a516') in 0.012647 seconds
Number of updated asset objects reloaded before import = 0
Number of asset objects unloaded after import = 3
========================================================================
Received Import Request.
  Time since last request: 0.000026 seconds.
  path: Assets/Sprite/9.png
  artifactKey: Guid(b8d78c34ff669024488999c7c2cde413) Importer(815301076,1909f56bfc062723c751e8b465ee728b)
Start importing Assets/Sprite/9.png using Guid(b8d78c34ff669024488999c7c2cde413) Importer(815301076,1909f56bfc062723c751e8b465ee728b)  -> (artifact id: 'feac46d68900debf89f358b5296f6972') in 0.025999 seconds
Number of updated asset objects reloaded before import = 0
Number of asset objects unloaded after import = 3
========================================================================
Received Import Request.
  Time since last request: 0.000034 seconds.
  path: Assets/Sprite/1d.png
  artifactKey: Guid(af82d0dfc0d13cd49b7782d911703650) Importer(815301076,1909f56bfc062723c751e8b465ee728b)
Start importing Assets/Sprite/1d.png using Guid(af82d0dfc0d13cd49b7782d911703650) Importer(815301076,1909f56bfc062723c751e8b465ee728b)  -> (artifact id: '387b66ee9917024ec3f74885da6a5673') in 0.010686 seconds
Number of updated asset objects reloaded before import = 0
Number of asset objects unloaded after import = 3
========================================================================
Received Import Request.
  Time since last request: 0.000051 seconds.
  path: Assets/Sprite/6.png
  artifactKey: Guid(e1646f9678b98df4ca19582c97fecfce) Importer(815301076,1909f56bfc062723c751e8b465ee728b)
Start importing Assets/Sprite/6.png using Guid(e1646f9678b98df4ca19582c97fecfce) Importer(815301076,1909f56bfc062723c751e8b465ee728b)  -> (artifact id: '2c9c56b3dcfbecf12390f97bb0f2d6ef') in 0.013432 seconds
Number of updated asset objects reloaded before import = 0
Number of asset objects unloaded after import = 3
========================================================================
Received Import Request.
  Time since last request: 0.000031 seconds.
  path: Assets/Sprite/17.png
  artifactKey: Guid(1634edc7854cfd144894297dc0f60fcf) Importer(815301076,1909f56bfc062723c751e8b465ee728b)
Start importing Assets/Sprite/17.png using Guid(1634edc7854cfd144894297dc0f60fcf) Importer(815301076,1909f56bfc062723c751e8b465ee728b)  -> (artifact id: '5b3af48eaea4594a053cdeccf485d662') in 0.012999 seconds
Number of updated asset objects reloaded before import = 0
Number of asset objects unloaded after import = 3
========================================================================
Received Import Request.
  Time since last request: 0.000204 seconds.
  path: Assets/Sprite/5.png
  artifactKey: Guid(7838242f635b71c4d8b09f2d04849dc5) Importer(815301076,1909f56bfc062723c751e8b465ee728b)
Start importing Assets/Sprite/5.png using Guid(7838242f635b71c4d8b09f2d04849dc5) Importer(815301076,1909f56bfc062723c751e8b465ee728b)  -> (artifact id: 'a084b10bf27ab27dc50ad19a2be9f589') in 0.025214 seconds
Number of updated asset objects reloaded before import = 0
Number of asset objects unloaded after import = 3
========================================================================
Received Import Request.
  Time since last request: 0.000030 seconds.
  path: Assets/Sprite/7.png
  artifactKey: Guid(7d41bff50ab7ae242ba5c155bec2d87d) Importer(815301076,1909f56bfc062723c751e8b465ee728b)
Start importing Assets/Sprite/7.png using Guid(7d41bff50ab7ae242ba5c155bec2d87d) Importer(815301076,1909f56bfc062723c751e8b465ee728b)  -> (artifact id: 'e71682edffb2293aac3635dcfb2ee71d') in 0.023789 seconds
Number of updated asset objects reloaded before import = 0
Number of asset objects unloaded after import = 3
========================================================================
Received Import Request.
  Time since last request: 1.201969 seconds.
  path: Assets/Sprite/Knight/2.png
  artifactKey: Guid(b50ce09d615e14248ac610924ec5a3f2) Importer(815301076,1909f56bfc062723c751e8b465ee728b)
Start importing Assets/Sprite/Knight/2.png using Guid(b50ce09d615e14248ac610924ec5a3f2) Importer(815301076,1909f56bfc062723c751e8b465ee728b)  -> (artifact id: '1d24b206a438ead79f7cf7809a5b4162') in 0.010724 seconds
Number of updated asset objects reloaded before import = 0
Number of asset objects unloaded after import = 3
========================================================================
Received Import Request.
  Time since last request: 0.000043 seconds.
  path: Assets/Sprite/Knight/4.png
  artifactKey: Guid(effd61019a5f2c048a634884e83cf6d2) Importer(815301076,1909f56bfc062723c751e8b465ee728b)
Start importing Assets/Sprite/Knight/4.png using Guid(effd61019a5f2c048a634884e83cf6d2) Importer(815301076,1909f56bfc062723c751e8b465ee728b)  -> (artifact id: '9a5edf5b3d32ce73d5fe724d8b39af86') in 0.009541 seconds
Number of updated asset objects reloaded before import = 0
Number of asset objects unloaded after import = 3
========================================================================
Received Prepare
Begin MonoManager ReloadAssembly
- Loaded All Assemblies, in  1.112 seconds
Refreshing native plugins compatible for Editor in 9.24 ms, found 4 plugins.
Native extension for WindowsStandalone target not found
Mono: successfully reloaded assembly
- Finished resetting the current domain, in  1.717 seconds
Domain Reload Profiling: 2805ms
	BeginReloadAssembly (406ms)
		ExecutionOrderSort (0ms)
		DisableScriptedObjects (10ms)
		BackupInstance (0ms)
		ReleaseScriptingObjects (0ms)
		CreateAndSetChildDomain (49ms)
	RebuildCommonClasses (40ms)
	RebuildNativeTypeToScriptingClass (9ms)
	initialDomainReloadingComplete (98ms)
	LoadAllAssembliesAndSetupDomain (533ms)
		LoadAssemblies (808ms)
		RebuildTransferFunctionScriptingTraits (0ms)
		AnalyzeDomain (22ms)
			TypeCache.Refresh (11ms)
				TypeCache.ScanAssembly (0ms)
			ScanForSourceGeneratedMonoScriptInfo (0ms)
			ResolveRequiredComponents (10ms)
	FinalizeReload (1718ms)
		ReleaseScriptCaches (0ms)
		RebuildScriptCaches (0ms)
		SetupLoadedEditorAssemblies (634ms)
			LogAssemblyErrors (0ms)
			InitializePlatformSupportModulesInManaged (29ms)
			SetLoadedEditorAssemblies (7ms)
			RefreshPlugins (0ms)
			BeforeProcessingInitializeOnLoad (153ms)
			ProcessInitializeOnLoadAttributes (351ms)
			ProcessInitializeOnLoadMethodAttributes (30ms)
			AfterProcessingInitializeOnLoad (63ms)
			EditorAssembliesLoaded (0ms)
		ExecutionOrderSort2 (0ms)
		AwakeInstancesAfterBackupRestoration (16ms)
Refreshing native plugins compatible for Editor in 6.05 ms, found 4 plugins.
Preloading 0 native plugins for Editor in 0.00 ms.
Unloading 4073 Unused Serialized files (Serialized files now loaded: 0)
Unloading 38 unused Assets / (35.9 KB). Loaded Objects now: 4574.
Memory consumption went from 146.3 MB to 146.2 MB.
Total: 3.290500 ms (FindLiveObjects: 0.347800 ms CreateObjectMapping: 0.121600 ms MarkObjects: 2.751500 ms  DeleteObjects: 0.068500 ms)

Prepare: number of updated asset objects reloaded= 0
AssetImportParameters requested are different than current active one (requested -> active):
  custom:container-demuxer-ogg: 62fdf1f143b41e24485cea50d1cbac27 -> 
  custom:scripting/monoscript/fileName/GravityWell.cs: cb37b2c9d44763d640c033e97bed45e0 -> 
  custom:scripting/monoscript/fileName/ProjectileExplosion.cs: 0a94f583be932052b36ebee7efde578c -> 
  custom:video-codec-MediaFoundation-h265: 746d11721c4dcdbdad8f713fa42b33f4 -> 
  custom:scripting/monoscript/fileName/LevelCondition.cs: 556022a2e62a7681657fd45e997928f6 -> 56220e47f13a9d6f5cc4a57df54c0651
  custom:video-decoder-ogg-theora: a1e56fd34408186e4bbccfd4996cb3dc -> 
  custom:scripting/monoscript/fileName/ProjectileRadiusExplosion.cs: 0ad27350654a2f66ab73faaaf3a171db -> 
  custom:framework-win-MediaFoundation: 216162199b28c13a410421893ffa2e32 -> 
  custom:scripting/monoscript/fileName/Powerup.cs: d23368dd04b86a17b387609661e03573 -> 
  custom:scripting/monoscript/fileName/GravityRepulsion.cs: 9bbf1bf1331d110aea69465d16a7e400 -> 
  custom:scripting/monoscript/fileName/PowerupWeapon.cs: d008ed8384f50c66f665ffbd965de230 -> 
  custom:CustomObjectIndexerAttribute: 9a22284fe3817be447336de3de66b15e -> 
  custom:scripting/monoscript/fileName/FollowCamera.cs: 68e7777c3aa8bd8a9a6af251a561c107 -> 
  custom:container-demuxer-webm: 4f35f7cbe854078d1ac9338744f61a02 -> 
  custom:container-muxer-webm: aa71ff27fc2769a1b78a27578f13a17b -> 
  custom:video-decoder-webm-vp8: 9c59270c3fd7afecdb556c50c9e8de78 -> 
  custom:SearchIndexIgnoredProperties: e643bd26f0fe6173181afceb89e7c659 -> 
  custom:AudioImporter_EditorPlatform: d09bf68614088b80899f8185d706f6e7 -> 
  custom:scripting/monoscript/fileName/SpaceShip.cs: 645ad3ed86279793de626439bdf595b3 -> 8f17b7099f292d327d6efedcc6d7eda1
  custom:scripting/monoscript/fileName/LevelCompletitionScore.cs: 1fe67b9644a0c8d4378128e060556f0a -> 
  custom:scripting/monoscript/fileName/PowerupStats.cs: fb6afd310799beefaacd88f6a6e634c9 -> 
  custom:video-encoder-webm-vp8: eb34c28f22e8b96e1ab97ce403110664 -> 
  custom:scripting/monoscript/fileName/LevelCompletitionPosition.cs: 793837d5aae267e6c0a26b5b87f4cb66 -> 
  custom:audio-decoder-ogg-vorbis: bf7c407c2cedff20999df2af8eb42d56 -> 
  custom:scripting/monoscript/fileName/ShipInputController.cs: 2ff45f836753f759293e708482e2cbb2 -> 
  custom:audio-encoder-webm-vorbis: bf7c407c2cedff20999df2af8eb42d56 -> 
========================================================================
Received Prepare
Begin MonoManager ReloadAssembly
- Loaded All Assemblies, in  1.033 seconds
Refreshing native plugins compatible for Editor in 9.49 ms, found 4 plugins.
Native extension for WindowsStandalone target not found
Mono: successfully reloaded assembly
- Finished resetting the current domain, in  1.849 seconds
Domain Reload Profiling: 2865ms
	BeginReloadAssembly (361ms)
		ExecutionOrderSort (0ms)
		DisableScriptedObjects (10ms)
		BackupInstance (0ms)
		ReleaseScriptingObjects (0ms)
		CreateAndSetChildDomain (36ms)
	RebuildCommonClasses (38ms)
	RebuildNativeTypeToScriptingClass (9ms)
	initialDomainReloadingComplete (75ms)
	LoadAllAssembliesAndSetupDomain (534ms)
		LoadAssemblies (788ms)
		RebuildTransferFunctionScriptingTraits (0ms)
		AnalyzeDomain (21ms)
			TypeCache.Refresh (9ms)
				TypeCache.ScanAssembly (0ms)
			ScanForSourceGeneratedMonoScriptInfo (0ms)
			ResolveRequiredComponents (10ms)
	FinalizeReload (1849ms)
		ReleaseScriptCaches (0ms)
		RebuildScriptCaches (0ms)
		SetupLoadedEditorAssemblies (741ms)
			LogAssemblyErrors (0ms)
			InitializePlatformSupportModulesInManaged (28ms)
			SetLoadedEditorAssemblies (8ms)
			RefreshPlugins (0ms)
			BeforeProcessingInitializeOnLoad (137ms)
			ProcessInitializeOnLoadAttributes (464ms)
			ProcessInitializeOnLoadMethodAttributes (39ms)
			AfterProcessingInitializeOnLoad (64ms)
			EditorAssembliesLoaded (1ms)
		ExecutionOrderSort2 (0ms)
		AwakeInstancesAfterBackupRestoration (19ms)
Refreshing native plugins compatible for Editor in 7.13 ms, found 4 plugins.
Preloading 0 native plugins for Editor in 0.00 ms.
Unloading 4074 Unused Serialized files (Serialized files now loaded: 0)
Unloading 38 unused Assets / (35.8 KB). Loaded Objects now: 4578.
Memory consumption went from 146.5 MB to 146.5 MB.
Total: 5.860700 ms (FindLiveObjects: 0.646900 ms CreateObjectMapping: 0.510600 ms MarkObjects: 4.581200 ms  DeleteObjects: 0.120500 ms)

Prepare: number of updated asset objects reloaded= 0
AssetImportParameters requested are different than current active one (requested -> active):
  custom:container-demuxer-ogg: 62fdf1f143b41e24485cea50d1cbac27 -> 
  custom:scripting/monoscript/fileName/GravityWell.cs: cb37b2c9d44763d640c033e97bed45e0 -> 
  custom:scripting/monoscript/fileName/ProjectileExplosion.cs: 0a94f583be932052b36ebee7efde578c -> 
  custom:video-codec-MediaFoundation-h265: 746d11721c4dcdbdad8f713fa42b33f4 -> 
  custom:scripting/monoscript/fileName/LevelCondition.cs: 556022a2e62a7681657fd45e997928f6 -> 56220e47f13a9d6f5cc4a57df54c0651
  custom:video-decoder-ogg-theora: a1e56fd34408186e4bbccfd4996cb3dc -> 
  custom:scripting/monoscript/fileName/ProjectileRadiusExplosion.cs: 0ad27350654a2f66ab73faaaf3a171db -> 
  custom:framework-win-MediaFoundation: 216162199b28c13a410421893ffa2e32 -> 
  custom:scripting/monoscript/fileName/Powerup.cs: d23368dd04b86a17b387609661e03573 -> 
  custom:scripting/monoscript/fileName/GravityRepulsion.cs: 9bbf1bf1331d110aea69465d16a7e400 -> 
  custom:scripting/monoscript/fileName/PowerupWeapon.cs: d008ed8384f50c66f665ffbd965de230 -> 
  custom:CustomObjectIndexerAttribute: 9a22284fe3817be447336de3de66b15e -> 
  custom:scripting/monoscript/fileName/FollowCamera.cs: 68e7777c3aa8bd8a9a6af251a561c107 -> 
  custom:container-demuxer-webm: 4f35f7cbe854078d1ac9338744f61a02 -> 
  custom:container-muxer-webm: aa71ff27fc2769a1b78a27578f13a17b -> 
  custom:video-decoder-webm-vp8: 9c59270c3fd7afecdb556c50c9e8de78 -> 
  custom:SearchIndexIgnoredProperties: e643bd26f0fe6173181afceb89e7c659 -> 
  custom:AudioImporter_EditorPlatform: d09bf68614088b80899f8185d706f6e7 -> 
  custom:scripting/monoscript/fileName/SpaceShip.cs: 645ad3ed86279793de626439bdf595b3 -> 8f17b7099f292d327d6efedcc6d7eda1
  custom:scripting/monoscript/fileName/LevelCompletitionScore.cs: 1fe67b9644a0c8d4378128e060556f0a -> 
  custom:scripting/monoscript/fileName/PowerupStats.cs: fb6afd310799beefaacd88f6a6e634c9 -> 
  custom:video-encoder-webm-vp8: eb34c28f22e8b96e1ab97ce403110664 -> 
  custom:scripting/monoscript/fileName/LevelCompletitionPosition.cs: 793837d5aae267e6c0a26b5b87f4cb66 -> 
  custom:audio-decoder-ogg-vorbis: bf7c407c2cedff20999df2af8eb42d56 -> 
  custom:scripting/monoscript/fileName/ShipInputController.cs: 2ff45f836753f759293e708482e2cbb2 -> 
  custom:audio-encoder-webm-vorbis: bf7c407c2cedff20999df2af8eb42d56 -> 
========================================================================
Received Prepare
Begin MonoManager ReloadAssembly
- Loaded All Assemblies, in  1.059 seconds
Refreshing native plugins compatible for Editor in 11.74 ms, found 4 plugins.
Native extension for WindowsStandalone target not found
Mono: successfully reloaded assembly
- Finished resetting the current domain, in  1.798 seconds
Domain Reload Profiling: 2835ms
	BeginReloadAssembly (359ms)
		ExecutionOrderSort (0ms)
		DisableScriptedObjects (10ms)
		BackupInstance (0ms)
		ReleaseScriptingObjects (0ms)
		CreateAndSetChildDomain (37ms)
	RebuildCommonClasses (39ms)
	RebuildNativeTypeToScriptingClass (9ms)
	initialDomainReloadingComplete (84ms)
	LoadAllAssembliesAndSetupDomain (546ms)
		LoadAssemblies (792ms)
		RebuildTransferFunctionScriptingTraits (0ms)
		AnalyzeDomain (24ms)
			TypeCache.Refresh (11ms)
				TypeCache.ScanAssembly (0ms)
			ScanForSourceGeneratedMonoScriptInfo (0ms)
			ResolveRequiredComponents (11ms)
	FinalizeReload (1798ms)
		ReleaseScriptCaches (0ms)
		RebuildScriptCaches (0ms)
		SetupLoadedEditorAssemblies (677ms)
			LogAssemblyErrors (0ms)
			InitializePlatformSupportModulesInManaged (29ms)
			SetLoadedEditorAssemblies (6ms)
			RefreshPlugins (0ms)
			BeforeProcessingInitializeOnLoad (134ms)
			ProcessInitializeOnLoadAttributes (413ms)
			ProcessInitializeOnLoadMethodAttributes (35ms)
			AfterProcessingInitializeOnLoad (59ms)
			EditorAssembliesLoaded (0ms)
		ExecutionOrderSort2 (0ms)
		AwakeInstancesAfterBackupRestoration (18ms)
Refreshing native plugins compatible for Editor in 9.75 ms, found 4 plugins.
Preloading 0 native plugins for Editor in 0.00 ms.
Unloading 4074 Unused Serialized files (Serialized files now loaded: 0)
Unloading 38 unused Assets / (35.8 KB). Loaded Objects now: 4582.
Memory consumption went from 146.5 MB to 146.5 MB.
Total: 5.689300 ms (FindLiveObjects: 1.011700 ms CreateObjectMapping: 0.421900 ms MarkObjects: 4.100700 ms  DeleteObjects: 0.151600 ms)

Prepare: number of updated asset objects reloaded= 0
AssetImportParameters requested are different than current active one (requested -> active):
  custom:container-demuxer-ogg: 62fdf1f143b41e24485cea50d1cbac27 -> 
  custom:scripting/monoscript/fileName/GravityWell.cs: cb37b2c9d44763d640c033e97bed45e0 -> 
  custom:scripting/monoscript/fileName/ProjectileExplosion.cs: 0a94f583be932052b36ebee7efde578c -> 
  custom:video-codec-MediaFoundation-h265: 746d11721c4dcdbdad8f713fa42b33f4 -> 
  custom:scripting/monoscript/fileName/LevelCondition.cs: 556022a2e62a7681657fd45e997928f6 -> 56220e47f13a9d6f5cc4a57df54c0651
  custom:video-decoder-ogg-theora: a1e56fd34408186e4bbccfd4996cb3dc -> 
  custom:scripting/monoscript/fileName/ProjectileRadiusExplosion.cs: 0ad27350654a2f66ab73faaaf3a171db -> 
  custom:framework-win-MediaFoundation: 216162199b28c13a410421893ffa2e32 -> 
  custom:scripting/monoscript/fileName/Powerup.cs: d23368dd04b86a17b387609661e03573 -> 
  custom:scripting/monoscript/fileName/GravityRepulsion.cs: 9bbf1bf1331d110aea69465d16a7e400 -> 
  custom:scripting/monoscript/fileName/PowerupWeapon.cs: d008ed8384f50c66f665ffbd965de230 -> 
  custom:CustomObjectIndexerAttribute: 9a22284fe3817be447336de3de66b15e -> 
  custom:scripting/monoscript/fileName/FollowCamera.cs: 68e7777c3aa8bd8a9a6af251a561c107 -> 
  custom:container-demuxer-webm: 4f35f7cbe854078d1ac9338744f61a02 -> 
  custom:container-muxer-webm: aa71ff27fc2769a1b78a27578f13a17b -> 
  custom:video-decoder-webm-vp8: 9c59270c3fd7afecdb556c50c9e8de78 -> 
  custom:SearchIndexIgnoredProperties: e643bd26f0fe6173181afceb89e7c659 -> 
  custom:AudioImporter_EditorPlatform: d09bf68614088b80899f8185d706f6e7 -> 
  custom:scripting/monoscript/fileName/SpaceShip.cs: 645ad3ed86279793de626439bdf595b3 -> 8f17b7099f292d327d6efedcc6d7eda1
  custom:scripting/monoscript/fileName/LevelCompletitionScore.cs: 1fe67b9644a0c8d4378128e060556f0a -> 
  custom:scripting/monoscript/fileName/PowerupStats.cs: fb6afd310799beefaacd88f6a6e634c9 -> 
  custom:video-encoder-webm-vp8: eb34c28f22e8b96e1ab97ce403110664 -> 
  custom:scripting/monoscript/fileName/LevelCompletitionPosition.cs: 793837d5aae267e6c0a26b5b87f4cb66 -> 
  custom:audio-decoder-ogg-vorbis: bf7c407c2cedff20999df2af8eb42d56 -> 
  custom:scripting/monoscript/fileName/ShipInputController.cs: 2ff45f836753f759293e708482e2cbb2 -> 
  custom:audio-encoder-webm-vorbis: bf7c407c2cedff20999df2af8eb42d56 -> 
Editor requested this worker to shutdown with reason: Scaling down because of idle timeout
TcpMessagingSession - receive error: operation aborted. errorcode: 995, details: ќпераци€ ввода/вывода была прервана из-за завершени€ потока команд или по запросу приложени€.
AssetImportWorker is now disconnected from the server
Process exiting
Exiting without the bug reporter. Application will terminate with return code 0